#
# There is insufficient memory for the Java Runtime Environment to continue.
# Native memory allocation (malloc) failed to allocate 567792 bytes. Error detail: Chunk::new
# Possible reasons:
#   The system is out of physical RAM or swap space
#   This process is running with CompressedOops enabled, and the Java Heap may be blocking the growth of the native heap
# Possible solutions:
#   Reduce memory load on the system
#   Increase physical memory or swap space
#   Check if swap backing store is full
#   Decrease Java heap size (-Xmx/-Xms)
#   Decrease number of Java threads
#   Decrease Java thread stack sizes (-Xss)
#   Set larger code cache with -XX:ReservedCodeCacheSize=
#   JVM is running with Unscaled Compressed Oops mode in which the Java heap is
#     placed in the first 4GB address space. The Java Heap base address is the
#     maximum limit for the native heap growth. Please use -XX:HeapBaseMinAddress
#     to set the Java Heap base and to place the Java Heap above 4GB virtual address.
# This output file may be truncated or incomplete.
#
#  Out of Memory Error (arena.cpp:168), pid=11080, tid=15852
#
# JRE version: OpenJDK Runtime Environment Temurin-21.0.6+7 (21.0.6+7) (build 21.0.6+7-LTS)
# Java VM: OpenJDK 64-Bit Server VM Temurin-21.0.6+7 (21.0.6+7-LTS, mixed mode, sharing, tiered, compressed oops, compressed class ptrs, parallel gc, windows-amd64)
# No core dump will be written. Minidumps are not enabled by default on client versions of Windows
#

---------------  S U M M A R Y ------------

Command Line: --add-modules=ALL-SYSTEM --add-opens=java.base/java.util=ALL-UNNAMED --add-opens=java.base/java.lang=ALL-UNNAMED --add-opens=java.base/sun.nio.fs=ALL-UNNAMED -Declipse.application=org.eclipse.jdt.ls.core.id1 -Dosgi.bundles.defaultStartLevel=4 -Declipse.product=org.eclipse.jdt.ls.core.product -Djava.import.generatesMetadataFilesAtProjectRoot=false -DDetectVMInstallationsJob.disabled=true -Dfile.encoding=utf8 -XX:+UseParallelGC -XX:GCTimeRatio=4 -XX:AdaptiveSizePolicyWeight=90 -Dsun.zip.disableMemoryMapping=true -Xmx1G -Xms100m -Xlog:disable -javaagent:c:\Users\kwize\.cursor\extensions\redhat.java-1.41.1-win32-x64\lombok\lombok-1.18.36.jar -XX:+HeapDumpOnOutOfMemoryError -XX:HeapDumpPath=c:\Users\kwize\AppData\Roaming\Cursor\User\workspaceStorage\64d257547f8c538efd80f571eff4fed1\redhat.java -Daether.dependencyCollector.impl=bf c:\Users\kwize\.cursor\extensions\redhat.java-1.41.1-win32-x64\server\plugins\org.eclipse.equinox.launcher_1.7.0.v20250331-1702.jar -configuration c:\Users\kwize\AppData\Roaming\Cursor\User\globalStorage\redhat.java\1.41.1\config_win -data c:\Users\kwize\AppData\Roaming\Cursor\User\workspaceStorage\64d257547f8c538efd80f571eff4fed1\redhat.java\jdt_ws --pipe=\\.\pipe\lsp-aab17ec2a341171e7c39a07a2ec093db-sock

Host: Intel(R) Core(TM) i5-6300U CPU @ 2.40GHz, 4 cores, 7G,  Windows 10 , 64 bit Build 19041 (10.0.19041.5794)
Time: Tue May 13 17:40:22 2025 South Africa Standard Time elapsed time: 95.561797 seconds (0d 0h 1m 35s)

---------------  T H R E A D  ---------------

Current thread (0x000001d85f5c83f0):  JavaThread "C2 CompilerThread1" daemon [_thread_in_native, id=15852, stack(0x00000012c5a00000,0x00000012c5b00000) (1024K)]


Current CompileTask:
C2:95561 10372       4       java.lang.Class::getField0 (99 bytes)

Stack: [0x00000012c5a00000,0x00000012c5b00000]
Native frames: (J=compiled Java code, j=interpreted, Vv=VM code, C=native code)
V  [jvm.dll+0x6cdee9]
V  [jvm.dll+0x8a83d1]
V  [jvm.dll+0x8aa8fe]
V  [jvm.dll+0x8aafe3]
V  [jvm.dll+0x27f706]
V  [jvm.dll+0xc500d]
V  [jvm.dll+0xc5543]
V  [jvm.dll+0x3b678c]
V  [jvm.dll+0x382935]
V  [jvm.dll+0x381d9a]
V  [jvm.dll+0x2479f0]
V  [jvm.dll+0x246fcf]
V  [jvm.dll+0x1c75ee]
V  [jvm.dll+0x25685a]
V  [jvm.dll+0x254dfa]
V  [jvm.dll+0x3f0256]
V  [jvm.dll+0x851f8b]
V  [jvm.dll+0x6cc5ed]
C  [ucrtbase.dll+0x21bb2]
C  [KERNEL32.DLL+0x17374]
C  [ntdll.dll+0x4cc91]


---------------  P R O C E S S  ---------------

Threads class SMR info:
_java_thread_list=0x000001d860215390, length=44, elements={
0x000001d801bcdec0, 0x000001d818198e50, 0x000001d81819a750, 0x000001d81819c050,
0x000001d8181a1000, 0x000001d8181a2bc0, 0x000001d8181a3610, 0x000001d8181a4440,
0x000001d81820f020, 0x000001d803ee0860, 0x000001d85e277810, 0x000001d85e43a0f0,
0x000001d85e7a5fc0, 0x000001d85eaa7fe0, 0x000001d85eaa8a10, 0x000001d85ef1dd60,
0x000001d85ec5ef40, 0x000001d818207620, 0x000001d818206f90, 0x000001d818207cb0,
0x000001d818205550, 0x000001d818206270, 0x000001d861621ec0, 0x000001d8616266f0,
0x000001d861627aa0, 0x000001d861626d80, 0x000001d8616294e0, 0x000001d861623900,
0x000001d861628130, 0x000001d861627410, 0x000001d861622be0, 0x000001d861623f90,
0x000001d861626060, 0x000001d818204ec0, 0x000001d86085df90, 0x000001d86085cbe0,
0x000001d860860060, 0x000001d86085c550, 0x000001d86085ecb0, 0x000001d86085e620,
0x000001d8608606f0, 0x000001d86085f340, 0x000001d86085ab10, 0x000001d85f5c83f0
}

Java Threads: ( => current thread )
  0x000001d801bcdec0 JavaThread "main"                              [_thread_blocked, id=512, stack(0x00000012c3f00000,0x00000012c4000000) (1024K)]
  0x000001d818198e50 JavaThread "Reference Handler"          daemon [_thread_blocked, id=15420, stack(0x00000012c4300000,0x00000012c4400000) (1024K)]
  0x000001d81819a750 JavaThread "Finalizer"                  daemon [_thread_blocked, id=14136, stack(0x00000012c4400000,0x00000012c4500000) (1024K)]
  0x000001d81819c050 JavaThread "Signal Dispatcher"          daemon [_thread_blocked, id=11228, stack(0x00000012c4500000,0x00000012c4600000) (1024K)]
  0x000001d8181a1000 JavaThread "Attach Listener"            daemon [_thread_blocked, id=3948, stack(0x00000012c4600000,0x00000012c4700000) (1024K)]
  0x000001d8181a2bc0 JavaThread "Service Thread"             daemon [_thread_blocked, id=14928, stack(0x00000012c4700000,0x00000012c4800000) (1024K)]
  0x000001d8181a3610 JavaThread "Monitor Deflation Thread"   daemon [_thread_blocked, id=14264, stack(0x00000012c4800000,0x00000012c4900000) (1024K)]
  0x000001d8181a4440 JavaThread "C2 CompilerThread0"         daemon [_thread_in_vm, id=10956, stack(0x00000012c4900000,0x00000012c4a00000) (1024K)]
  0x000001d81820f020 JavaThread "C1 CompilerThread0"         daemon [_thread_in_native, id=6664, stack(0x00000012c4a00000,0x00000012c4b00000) (1024K)]
  0x000001d803ee0860 JavaThread "Common-Cleaner"             daemon [_thread_blocked, id=14716, stack(0x00000012c4b00000,0x00000012c4c00000) (1024K)]
  0x000001d85e277810 JavaThread "Notification Thread"        daemon [_thread_blocked, id=15680, stack(0x00000012c4d00000,0x00000012c4e00000) (1024K)]
  0x000001d85e43a0f0 JavaThread "Active Thread: Equinox Container: 7b83eee0-0b3c-4511-8350-4d39acf75db5"        [_thread_blocked, id=15800, stack(0x00000012c5000000,0x00000012c5100000) (1024K)]
  0x000001d85e7a5fc0 JavaThread "Refresh Thread: Equinox Container: 7b83eee0-0b3c-4511-8350-4d39acf75db5" daemon [_thread_blocked, id=3068, stack(0x00000012c5200000,0x00000012c5300000) (1024K)]
  0x000001d85eaa7fe0 JavaThread "Framework Event Dispatcher: Equinox Container: 7b83eee0-0b3c-4511-8350-4d39acf75db5" daemon [_thread_blocked, id=3172, stack(0x00000012c5300000,0x00000012c5400000) (1024K)]
  0x000001d85eaa8a10 JavaThread "Start Level: Equinox Container: 7b83eee0-0b3c-4511-8350-4d39acf75db5" daemon [_thread_blocked, id=10736, stack(0x00000012c5400000,0x00000012c5500000) (1024K)]
  0x000001d85ef1dd60 JavaThread "Bundle File Closer"         daemon [_thread_blocked, id=9908, stack(0x00000012c5500000,0x00000012c5600000) (1024K)]
  0x000001d85ec5ef40 JavaThread "SCR Component Actor"        daemon [_thread_blocked, id=3616, stack(0x00000012c5600000,0x00000012c5700000) (1024K)]
  0x000001d818207620 JavaThread "Worker-JM"                         [_thread_blocked, id=13992, stack(0x00000012c5700000,0x00000012c5800000) (1024K)]
  0x000001d818206f90 JavaThread "JNA Cleaner"                daemon [_thread_blocked, id=9248, stack(0x00000012c5800000,0x00000012c5900000) (1024K)]
  0x000001d818207cb0 JavaThread "Worker-2: Update invisible project classpath"        [_thread_in_native, id=13044, stack(0x00000012c5b00000,0x00000012c5c00000) (1024K)]
  0x000001d818205550 JavaThread "Worker-3"                          [_thread_blocked, id=11192, stack(0x00000012c5d00000,0x00000012c5e00000) (1024K)]
  0x000001d818206270 JavaThread "Java indexing"              daemon [_thread_blocked, id=11320, stack(0x00000012c5e00000,0x00000012c5f00000) (1024K)]
  0x000001d861621ec0 JavaThread "Worker-6"                          [_thread_blocked, id=7780, stack(0x00000012c6300000,0x00000012c6400000) (1024K)]
  0x000001d8616266f0 JavaThread "Thread-2"                   daemon [_thread_in_native, id=7852, stack(0x00000012c6500000,0x00000012c6600000) (1024K)]
  0x000001d861627aa0 JavaThread "Thread-3"                   daemon [_thread_in_native, id=9200, stack(0x00000012c6600000,0x00000012c6700000) (1024K)]
  0x000001d861626d80 JavaThread "Thread-4"                   daemon [_thread_in_native, id=3516, stack(0x00000012c6700000,0x00000012c6800000) (1024K)]
  0x000001d8616294e0 JavaThread "Thread-5"                   daemon [_thread_in_native, id=6440, stack(0x00000012c6800000,0x00000012c6900000) (1024K)]
  0x000001d861623900 JavaThread "Thread-6"                   daemon [_thread_in_native, id=5672, stack(0x00000012c6900000,0x00000012c6a00000) (1024K)]
  0x000001d861628130 JavaThread "pool-2-thread-1"                   [_thread_blocked, id=9120, stack(0x00000012c6a00000,0x00000012c6b00000) (1024K)]
  0x000001d861627410 JavaThread "WorkspaceEventsHandler"            [_thread_blocked, id=12012, stack(0x00000012c6b00000,0x00000012c6c00000) (1024K)]
  0x000001d861622be0 JavaThread "pool-1-thread-1"                   [_thread_blocked, id=2836, stack(0x00000012c6c00000,0x00000012c6d00000) (1024K)]
  0x000001d861623f90 JavaThread "Compiler Source File Reader" daemon [_thread_blocked, id=14636, stack(0x00000012c6d00000,0x00000012c6e00000) (1024K)]
  0x000001d861626060 JavaThread "Compiler Source File Reader" daemon [_thread_blocked, id=3200, stack(0x00000012c6e00000,0x00000012c6f00000) (1024K)]
  0x000001d818204ec0 JavaThread "Compiler Class File Writer" daemon [_thread_blocked, id=3896, stack(0x00000012c7000000,0x00000012c7100000) (1024K)]
  0x000001d86085df90 JavaThread "Compiler Class File Writer" daemon [_thread_blocked, id=8364, stack(0x00000012c7100000,0x00000012c7200000) (1024K)]
  0x000001d86085cbe0 JavaThread "ForkJoinPool.commonPool-worker-1" daemon [_thread_blocked, id=7300, stack(0x00000012c7200000,0x00000012c7300000) (1024K)]
  0x000001d860860060 JavaThread "ForkJoinPool.commonPool-worker-2" daemon [_thread_blocked, id=1152, stack(0x00000012c7300000,0x00000012c7400000) (1024K)]
  0x000001d86085c550 JavaThread "ForkJoinPool.commonPool-worker-3" daemon [_thread_blocked, id=12640, stack(0x00000012c7400000,0x00000012c7500000) (1024K)]
  0x000001d86085ecb0 JavaThread "Worker-9"                          [_thread_blocked, id=5144, stack(0x00000012c3d00000,0x00000012c3e00000) (1024K)]
  0x000001d86085e620 JavaThread "Worker-10"                         [_thread_blocked, id=9624, stack(0x00000012c3e00000,0x00000012c3f00000) (1024K)]
  0x000001d8608606f0 JavaThread "Worker-11"                         [_thread_blocked, id=10092, stack(0x00000012c5100000,0x00000012c5200000) (1024K)]
  0x000001d86085f340 JavaThread "Worker-12"                         [_thread_blocked, id=4100, stack(0x00000012c5900000,0x00000012c5a00000) (1024K)]
  0x000001d86085ab10 JavaThread "Worker-13"                         [_thread_blocked, id=8108, stack(0x00000012c3c00000,0x00000012c3d00000) (1024K)]
=>0x000001d85f5c83f0 JavaThread "C2 CompilerThread1"         daemon [_thread_in_native, id=15852, stack(0x00000012c5a00000,0x00000012c5b00000) (1024K)]
Total: 44

Other Threads:
  0x000001d81817dfb0 VMThread "VM Thread"                           [id=15584, stack(0x00000012c4200000,0x00000012c4300000) (1024K)]
  0x000001d803edf460 WatcherThread "VM Periodic Task Thread"        [id=4576, stack(0x00000012c4100000,0x00000012c4200000) (1024K)]
  0x000001d803e917e0 WorkerThread "GC Thread#0"                     [id=8656, stack(0x00000012c4000000,0x00000012c4100000) (1024K)]
  0x000001d85e3432d0 WorkerThread "GC Thread#1"                     [id=12500, stack(0x00000012c4c00000,0x00000012c4d00000) (1024K)]
  0x000001d85e8ba600 WorkerThread "GC Thread#2"                     [id=9112, stack(0x00000012c4e00000,0x00000012c4f00000) (1024K)]
  0x000001d85e8ba9a0 WorkerThread "GC Thread#3"                     [id=15896, stack(0x00000012c4f00000,0x00000012c5000000) (1024K)]
Total: 6

Threads with active compile tasks:
C2 CompilerThread0  95628 10428   !   4       org.eclipse.jdt.internal.compiler.parser.Parser::parse (922 bytes)
C2 CompilerThread1  95628 10372       4       java.lang.Class::getField0 (99 bytes)
Total: 2

VM state: not at safepoint (normal execution)

VM Mutex/Monitor currently owned by a thread: None

Heap address: 0x00000000c0000000, size: 1024 MB, Compressed Oops mode: 32-bit

CDS archive(s) mapped at: [0x000001d819000000-0x000001d819ba0000-0x000001d819ba0000), size 12189696, SharedBaseAddress: 0x000001d819000000, ArchiveRelocationMode: 1.
Compressed class space mapped at: 0x000001d81a000000-0x000001d85a000000, reserved size: 1073741824
Narrow klass base: 0x000001d819000000, Narrow klass shift: 0, Narrow klass range: 0x100000000

GC Precious Log:
 CardTable entry size: 512
 CPUs: 4 total, 4 available
 Memory: 8071M
 Large Page Support: Disabled
 NUMA Support: Disabled
 Compressed Oops: Enabled (32-bit)
 Alignments: Space 512K, Generation 512K, Heap 2M
 Heap Min Capacity: 100M
 Heap Initial Capacity: 100M
 Heap Max Capacity: 1G
 Pre-touch: Disabled
 Parallel Workers: 4

Heap:
 PSYoungGen      total 8192K, used 4283K [0x00000000eab00000, 0x00000000eb400000, 0x0000000100000000)
  eden space 7168K, 51% used [0x00000000eab00000,0x00000000eae96ed0,0x00000000eb200000)
  from space 1024K, 59% used [0x00000000eb200000,0x00000000eb298060,0x00000000eb300000)
  to   space 1024K, 0% used [0x00000000eb300000,0x00000000eb300000,0x00000000eb400000)
 ParOldGen       total 368128K, used 367795K [0x00000000c0000000, 0x00000000d6780000, 0x00000000eab00000)
  object space 368128K, 99% used [0x00000000c0000000,0x00000000d672cea0,0x00000000d6780000)
 Metaspace       used 61336K, committed 62848K, reserved 1114112K
  class space    used 6217K, committed 6912K, reserved 1048576K

Card table byte_map: [0x000001d803720000,0x000001d803930000] _byte_map_base: 0x000001d803120000

Marking Bits: (ParMarkBitMap*) 0x00007ffe0d1b3260
 Begin Bits: [0x000001d816060000, 0x000001d817060000)
 End Bits:   [0x000001d817060000, 0x000001d818060000)

Polling page: 0x000001d801b30000

Metaspace:

Usage:
  Non-class:     53.83 MB used.
      Class:      6.07 MB used.
       Both:     59.90 MB used.

Virtual space:
  Non-class space:       64.00 MB reserved,      54.62 MB ( 85%) committed,  1 nodes.
      Class space:        1.00 GB reserved,       6.75 MB ( <1%) committed,  1 nodes.
             Both:        1.06 GB reserved,      61.38 MB (  6%) committed. 

Chunk freelists:
   Non-Class:  8.66 MB
       Class:  9.25 MB
        Both:  17.90 MB

MaxMetaspaceSize: unlimited
CompressedClassSpaceSize: 1.00 GB
Initial GC threshold: 21.00 MB
Current GC threshold: 99.31 MB
CDS: on
 - commit_granule_bytes: 65536.
 - commit_granule_words: 8192.
 - virtual_space_node_default_size: 8388608.
 - enlarge_chunks_in_place: 1.
 - use_allocation_guard: 0.


Internal statistics:

num_allocs_failed_limit: 11.
num_arena_births: 1058.
num_arena_deaths: 26.
num_vsnodes_births: 2.
num_vsnodes_deaths: 0.
num_space_committed: 982.
num_space_uncommitted: 0.
num_chunks_returned_to_freelist: 42.
num_chunks_taken_from_freelist: 3930.
num_chunk_merges: 19.
num_chunk_splits: 2406.
num_chunks_enlarged: 1368.
num_inconsistent_stats: 0.

CodeHeap 'non-profiled nmethods': size=120000Kb used=6456Kb max_used=6456Kb free=113543Kb
 bounds [0x000001d80eb30000, 0x000001d80f180000, 0x000001d816060000]
CodeHeap 'profiled nmethods': size=120000Kb used=20955Kb max_used=20955Kb free=99044Kb
 bounds [0x000001d807060000, 0x000001d8084e0000, 0x000001d80e590000]
CodeHeap 'non-nmethods': size=5760Kb used=1433Kb max_used=1516Kb free=4326Kb
 bounds [0x000001d80e590000, 0x000001d80e800000, 0x000001d80eb30000]
 total_blobs=9596 nmethods=8845 adapters=656
 compilation: enabled
              stopped_count=0, restarted_count=0
 full_count=0

Compilation events (20 events):
Event: 95.538 Thread 0x000001d81820f020 10407       3       org.eclipse.core.runtime.SubMonitor::newChild (194 bytes)
Event: 95.539 Thread 0x000001d8181a4440 10408       4       org.eclipse.jdt.internal.compiler.env.IModule$IPackageExport::isQualified (20 bytes)
Event: 95.539 Thread 0x000001d81820f020 nmethod 10407 0x000001d8084aa210 code [0x000001d8084aa440, 0x000001d8084aab10]
Event: 95.542 Thread 0x000001d8181a4440 nmethod 10408 0x000001d80f17a610 code [0x000001d80f17a7a0, 0x000001d80f17a878]
Event: 95.542 Thread 0x000001d81820f020 10409       3       org.eclipse.jdt.internal.compiler.util.HashtableOfObjectToInt::rehash (78 bytes)
Event: 95.543 Thread 0x000001d8181a4440 10410   !   4       org.eclipse.jdt.internal.core.PackageFragmentRoot::getSourceModuleDescription (154 bytes)
Event: 95.543 Thread 0x000001d81820f020 nmethod 10409 0x000001d8084aad90 code [0x000001d8084aaf60, 0x000001d8084ab2f8]
Event: 95.549 Thread 0x000001d81820f020 10415       3       org.eclipse.jdt.internal.compiler.util.HashtableOfObject::containsKey (51 bytes)
Event: 95.549 Thread 0x000001d81820f020 nmethod 10415 0x000001d8084ab510 code [0x000001d8084ab700, 0x000001d8084abb00]
Event: 95.551 Thread 0x000001d81820f020 10416       3       org.eclipse.jdt.internal.core.PackageFragmentRoot::getPackageFragment (10 bytes)
Event: 95.552 Thread 0x000001d81820f020 nmethod 10416 0x000001d8084abd10 code [0x000001d8084abee0, 0x000001d8084ac3f8]
Event: 95.552 Thread 0x000001d81820f020 10418       3       org.eclipse.jdt.internal.compiler.lookup.AnnotatableTypeSystem::haveTypeAnnotations (108 bytes)
Event: 95.553 Thread 0x000001d81820f020 nmethod 10418 0x000001d8084ac610 code [0x000001d8084ac820, 0x000001d8084acf80]
Event: 95.553 Thread 0x000001d81820f020 10417       3       org.eclipse.jdt.internal.core.PackageFragment::internalIsValidPackageName (80 bytes)
Event: 95.554 Thread 0x000001d81820f020 nmethod 10417 0x000001d8084ad290 code [0x000001d8084ad540, 0x000001d8084ae3e8]
Event: 95.554 Thread 0x000001d81820f020 10419       3       org.eclipse.jdt.internal.compiler.lookup.BinaryTypeBinding::getField (89 bytes)
Event: 95.555 Thread 0x000001d81820f020 nmethod 10419 0x000001d8084ae890 code [0x000001d8084aeaa0, 0x000001d8084aefa0]
Event: 95.556 Thread 0x000001d81820f020 10420       3       org.eclipse.jdt.core.dom.ASTConverter::convert (30 bytes)
Event: 95.557 Thread 0x000001d81820f020 nmethod 10420 0x000001d8084af190 code [0x000001d8084af360, 0x000001d8084af6b0]
Event: 95.557 Thread 0x000001d81820f020 10422       3       org.eclipse.jdt.core.dom.ASTConverter::convert (1519 bytes)

GC Heap History (20 events):
Event: 40.246 GC heap before
{Heap before GC invocations=260 (full 4):
 PSYoungGen      total 7168K, used 7141K [0x00000000eab00000, 0x00000000ebc00000, 0x0000000100000000)
  eden space 4096K, 100% used [0x00000000eab00000,0x00000000eaf00000,0x00000000eaf00000)
  from space 3072K, 99% used [0x00000000eaf00000,0x00000000eb1f9420,0x00000000eb200000)
  to   space 6656K, 0% used [0x00000000eb580000,0x00000000eb580000,0x00000000ebc00000)
 ParOldGen       total 360448K, used 360368K [0x00000000c0000000, 0x00000000d6000000, 0x00000000eab00000)
  object space 360448K, 99% used [0x00000000c0000000,0x00000000d5fec220,0x00000000d6000000)
 Metaspace       used 59794K, committed 61184K, reserved 1114112K
  class space    used 6180K, committed 6848K, reserved 1048576K
}
Event: 40.252 GC heap after
{Heap after GC invocations=260 (full 4):
 PSYoungGen      total 9216K, used 3624K [0x00000000eab00000, 0x00000000eb980000, 0x0000000100000000)
  eden space 5120K, 0% used [0x00000000eab00000,0x00000000eab00000,0x00000000eb000000)
  from space 4096K, 88% used [0x00000000eb580000,0x00000000eb90a018,0x00000000eb980000)
  to   space 4608K, 0% used [0x00000000eb080000,0x00000000eb080000,0x00000000eb500000)
 ParOldGen       total 361984K, used 361552K [0x00000000c0000000, 0x00000000d6180000, 0x00000000eab00000)
  object space 361984K, 99% used [0x00000000c0000000,0x00000000d61141f0,0x00000000d6180000)
 Metaspace       used 59794K, committed 61184K, reserved 1114112K
  class space    used 6180K, committed 6848K, reserved 1048576K
}
Event: 40.336 GC heap before
{Heap before GC invocations=261 (full 4):
 PSYoungGen      total 9216K, used 8657K [0x00000000eab00000, 0x00000000eb980000, 0x0000000100000000)
  eden space 5120K, 98% used [0x00000000eab00000,0x00000000eafea7a0,0x00000000eb000000)
  from space 4096K, 88% used [0x00000000eb580000,0x00000000eb90a018,0x00000000eb980000)
  to   space 4608K, 0% used [0x00000000eb080000,0x00000000eb080000,0x00000000eb500000)
 ParOldGen       total 361984K, used 361552K [0x00000000c0000000, 0x00000000d6180000, 0x00000000eab00000)
  object space 361984K, 99% used [0x00000000c0000000,0x00000000d61141f0,0x00000000d6180000)
 Metaspace       used 59796K, committed 61184K, reserved 1114112K
  class space    used 6180K, committed 6848K, reserved 1048576K
}
Event: 40.342 GC heap after
{Heap after GC invocations=261 (full 4):
 PSYoungGen      total 8192K, used 2520K [0x00000000eab00000, 0x00000000eb700000, 0x0000000100000000)
  eden space 5632K, 0% used [0x00000000eab00000,0x00000000eab00000,0x00000000eb080000)
  from space 2560K, 98% used [0x00000000eb080000,0x00000000eb2f6358,0x00000000eb300000)
  to   space 3072K, 0% used [0x00000000eb400000,0x00000000eb400000,0x00000000eb700000)
 ParOldGen       total 365056K, used 364827K [0x00000000c0000000, 0x00000000d6480000, 0x00000000eab00000)
  object space 365056K, 99% used [0x00000000c0000000,0x00000000d6446f10,0x00000000d6480000)
 Metaspace       used 59796K, committed 61184K, reserved 1114112K
  class space    used 6180K, committed 6848K, reserved 1048576K
}
Event: 90.808 GC heap before
{Heap before GC invocations=262 (full 4):
 PSYoungGen      total 8192K, used 8152K [0x00000000eab00000, 0x00000000eb700000, 0x0000000100000000)
  eden space 5632K, 99% used [0x00000000eab00000,0x00000000eb07ffe0,0x00000000eb080000)
  from space 2560K, 98% used [0x00000000eb080000,0x00000000eb2f6358,0x00000000eb300000)
  to   space 3072K, 0% used [0x00000000eb400000,0x00000000eb400000,0x00000000eb700000)
 ParOldGen       total 365056K, used 364827K [0x00000000c0000000, 0x00000000d6480000, 0x00000000eab00000)
  object space 365056K, 99% used [0x00000000c0000000,0x00000000d6446f10,0x00000000d6480000)
 Metaspace       used 59908K, committed 61312K, reserved 1114112K
  class space    used 6191K, committed 6848K, reserved 1048576K
}
Event: 90.813 GC heap after
{Heap after GC invocations=262 (full 4):
 PSYoungGen      total 8192K, used 336K [0x00000000eab00000, 0x00000000eb500000, 0x0000000100000000)
  eden space 7168K, 0% used [0x00000000eab00000,0x00000000eab00000,0x00000000eb200000)
  from space 1024K, 32% used [0x00000000eb400000,0x00000000eb454008,0x00000000eb500000)
  to   space 1536K, 0% used [0x00000000eb200000,0x00000000eb200000,0x00000000eb380000)
 ParOldGen       total 367616K, used 367243K [0x00000000c0000000, 0x00000000d6700000, 0x00000000eab00000)
  object space 367616K, 99% used [0x00000000c0000000,0x00000000d66a2e28,0x00000000d6700000)
 Metaspace       used 59908K, committed 61312K, reserved 1114112K
  class space    used 6191K, committed 6848K, reserved 1048576K
}
Event: 91.721 GC heap before
{Heap before GC invocations=263 (full 4):
 PSYoungGen      total 8192K, used 7503K [0x00000000eab00000, 0x00000000eb500000, 0x0000000100000000)
  eden space 7168K, 99% used [0x00000000eab00000,0x00000000eb1fffd0,0x00000000eb200000)
  from space 1024K, 32% used [0x00000000eb400000,0x00000000eb454008,0x00000000eb500000)
  to   space 1536K, 0% used [0x00000000eb200000,0x00000000eb200000,0x00000000eb380000)
 ParOldGen       total 367616K, used 367243K [0x00000000c0000000, 0x00000000d6700000, 0x00000000eab00000)
  object space 367616K, 99% used [0x00000000c0000000,0x00000000d66a2e28,0x00000000d6700000)
 Metaspace       used 60186K, committed 61632K, reserved 1114112K
  class space    used 6204K, committed 6848K, reserved 1048576K
}
Event: 91.724 GC heap after
{Heap after GC invocations=263 (full 4):
 PSYoungGen      total 8704K, used 816K [0x00000000eab00000, 0x00000000eb480000, 0x0000000100000000)
  eden space 7168K, 0% used [0x00000000eab00000,0x00000000eab00000,0x00000000eb200000)
  from space 1536K, 53% used [0x00000000eb200000,0x00000000eb2cc010,0x00000000eb380000)
  to   space 1024K, 0% used [0x00000000eb380000,0x00000000eb380000,0x00000000eb480000)
 ParOldGen       total 367616K, used 367467K [0x00000000c0000000, 0x00000000d6700000, 0x00000000eab00000)
  object space 367616K, 99% used [0x00000000c0000000,0x00000000d66dae40,0x00000000d6700000)
 Metaspace       used 60186K, committed 61632K, reserved 1114112K
  class space    used 6204K, committed 6848K, reserved 1048576K
}
Event: 92.257 GC heap before
{Heap before GC invocations=264 (full 4):
 PSYoungGen      total 8704K, used 7984K [0x00000000eab00000, 0x00000000eb480000, 0x0000000100000000)
  eden space 7168K, 100% used [0x00000000eab00000,0x00000000eb200000,0x00000000eb200000)
  from space 1536K, 53% used [0x00000000eb200000,0x00000000eb2cc010,0x00000000eb380000)
  to   space 1024K, 0% used [0x00000000eb380000,0x00000000eb380000,0x00000000eb480000)
 ParOldGen       total 367616K, used 367467K [0x00000000c0000000, 0x00000000d6700000, 0x00000000eab00000)
  object space 367616K, 99% used [0x00000000c0000000,0x00000000d66dae40,0x00000000d6700000)
 Metaspace       used 60338K, committed 61760K, reserved 1114112K
  class space    used 6206K, committed 6848K, reserved 1048576K
}
Event: 92.261 GC heap after
{Heap after GC invocations=264 (full 4):
 PSYoungGen      total 8192K, used 512K [0x00000000eab00000, 0x00000000eb480000, 0x0000000100000000)
  eden space 7168K, 0% used [0x00000000eab00000,0x00000000eab00000,0x00000000eb200000)
  from space 1024K, 50% used [0x00000000eb380000,0x00000000eb400040,0x00000000eb480000)
  to   space 1024K, 0% used [0x00000000eb280000,0x00000000eb280000,0x00000000eb380000)
 ParOldGen       total 367616K, used 367547K [0x00000000c0000000, 0x00000000d6700000, 0x00000000eab00000)
  object space 367616K, 99% used [0x00000000c0000000,0x00000000d66eee40,0x00000000d6700000)
 Metaspace       used 60338K, committed 61760K, reserved 1114112K
  class space    used 6206K, committed 6848K, reserved 1048576K
}
Event: 92.542 GC heap before
{Heap before GC invocations=265 (full 4):
 PSYoungGen      total 8192K, used 7680K [0x00000000eab00000, 0x00000000eb480000, 0x0000000100000000)
  eden space 7168K, 100% used [0x00000000eab00000,0x00000000eb200000,0x00000000eb200000)
  from space 1024K, 50% used [0x00000000eb380000,0x00000000eb400040,0x00000000eb480000)
  to   space 1024K, 0% used [0x00000000eb280000,0x00000000eb280000,0x00000000eb380000)
 ParOldGen       total 367616K, used 367547K [0x00000000c0000000, 0x00000000d6700000, 0x00000000eab00000)
  object space 367616K, 99% used [0x00000000c0000000,0x00000000d66eee40,0x00000000d6700000)
 Metaspace       used 60596K, committed 62016K, reserved 1114112K
  class space    used 6209K, committed 6848K, reserved 1048576K
}
Event: 92.548 GC heap after
{Heap after GC invocations=265 (full 4):
 PSYoungGen      total 8192K, used 912K [0x00000000eab00000, 0x00000000eb400000, 0x0000000100000000)
  eden space 7168K, 0% used [0x00000000eab00000,0x00000000eab00000,0x00000000eb200000)
  from space 1024K, 89% used [0x00000000eb280000,0x00000000eb364030,0x00000000eb380000)
  to   space 512K, 0% used [0x00000000eb380000,0x00000000eb380000,0x00000000eb400000)
 ParOldGen       total 368128K, used 367667K [0x00000000c0000000, 0x00000000d6780000, 0x00000000eab00000)
  object space 368128K, 99% used [0x00000000c0000000,0x00000000d670ce70,0x00000000d6780000)
 Metaspace       used 60596K, committed 62016K, reserved 1114112K
  class space    used 6209K, committed 6848K, reserved 1048576K
}
Event: 92.893 GC heap before
{Heap before GC invocations=266 (full 4):
 PSYoungGen      total 8192K, used 8080K [0x00000000eab00000, 0x00000000eb400000, 0x0000000100000000)
  eden space 7168K, 99% used [0x00000000eab00000,0x00000000eb1ffff0,0x00000000eb200000)
  from space 1024K, 89% used [0x00000000eb280000,0x00000000eb364030,0x00000000eb380000)
  to   space 512K, 0% used [0x00000000eb380000,0x00000000eb380000,0x00000000eb400000)
 ParOldGen       total 368128K, used 367667K [0x00000000c0000000, 0x00000000d6780000, 0x00000000eab00000)
  object space 368128K, 99% used [0x00000000c0000000,0x00000000d670ce70,0x00000000d6780000)
 Metaspace       used 60745K, committed 62144K, reserved 1114112K
  class space    used 6210K, committed 6848K, reserved 1048576K
}
Event: 92.899 GC heap after
{Heap after GC invocations=266 (full 4):
 PSYoungGen      total 7680K, used 384K [0x00000000eab00000, 0x00000000eb400000, 0x0000000100000000)
  eden space 7168K, 0% used [0x00000000eab00000,0x00000000eab00000,0x00000000eb200000)
  from space 512K, 75% used [0x00000000eb380000,0x00000000eb3e0040,0x00000000eb400000)
  to   space 1024K, 0% used [0x00000000eb200000,0x00000000eb200000,0x00000000eb300000)
 ParOldGen       total 368128K, used 367771K [0x00000000c0000000, 0x00000000d6780000, 0x00000000eab00000)
  object space 368128K, 99% used [0x00000000c0000000,0x00000000d6726ea0,0x00000000d6780000)
 Metaspace       used 60745K, committed 62144K, reserved 1114112K
  class space    used 6210K, committed 6848K, reserved 1048576K
}
Event: 94.737 GC heap before
{Heap before GC invocations=267 (full 4):
 PSYoungGen      total 7680K, used 7552K [0x00000000eab00000, 0x00000000eb400000, 0x0000000100000000)
  eden space 7168K, 100% used [0x00000000eab00000,0x00000000eb200000,0x00000000eb200000)
  from space 512K, 75% used [0x00000000eb380000,0x00000000eb3e0040,0x00000000eb400000)
  to   space 1024K, 0% used [0x00000000eb200000,0x00000000eb200000,0x00000000eb300000)
 ParOldGen       total 368128K, used 367771K [0x00000000c0000000, 0x00000000d6780000, 0x00000000eab00000)
  object space 368128K, 99% used [0x00000000c0000000,0x00000000d6726ea0,0x00000000d6780000)
 Metaspace       used 60911K, committed 62336K, reserved 1114112K
  class space    used 6213K, committed 6848K, reserved 1048576K
}
Event: 94.739 GC heap after
{Heap after GC invocations=267 (full 4):
 PSYoungGen      total 8192K, used 752K [0x00000000eab00000, 0x00000000eb400000, 0x0000000100000000)
  eden space 7168K, 0% used [0x00000000eab00000,0x00000000eab00000,0x00000000eb200000)
  from space 1024K, 73% used [0x00000000eb200000,0x00000000eb2bc030,0x00000000eb300000)
  to   space 1024K, 0% used [0x00000000eb300000,0x00000000eb300000,0x00000000eb400000)
 ParOldGen       total 368128K, used 367779K [0x00000000c0000000, 0x00000000d6780000, 0x00000000eab00000)
  object space 368128K, 99% used [0x00000000c0000000,0x00000000d6728ea0,0x00000000d6780000)
 Metaspace       used 60911K, committed 62336K, reserved 1114112K
  class space    used 6213K, committed 6848K, reserved 1048576K
}
Event: 95.318 GC heap before
{Heap before GC invocations=268 (full 4):
 PSYoungGen      total 8192K, used 7920K [0x00000000eab00000, 0x00000000eb400000, 0x0000000100000000)
  eden space 7168K, 100% used [0x00000000eab00000,0x00000000eb200000,0x00000000eb200000)
  from space 1024K, 73% used [0x00000000eb200000,0x00000000eb2bc030,0x00000000eb300000)
  to   space 1024K, 0% used [0x00000000eb300000,0x00000000eb300000,0x00000000eb400000)
 ParOldGen       total 368128K, used 367779K [0x00000000c0000000, 0x00000000d6780000, 0x00000000eab00000)
  object space 368128K, 99% used [0x00000000c0000000,0x00000000d6728ea0,0x00000000d6780000)
 Metaspace       used 61131K, committed 62528K, reserved 1114112K
  class space    used 6213K, committed 6848K, reserved 1048576K
}
Event: 95.322 GC heap after
{Heap after GC invocations=268 (full 4):
 PSYoungGen      total 8192K, used 432K [0x00000000eab00000, 0x00000000eb400000, 0x0000000100000000)
  eden space 7168K, 0% used [0x00000000eab00000,0x00000000eab00000,0x00000000eb200000)
  from space 1024K, 42% used [0x00000000eb300000,0x00000000eb36c030,0x00000000eb400000)
  to   space 1024K, 0% used [0x00000000eb200000,0x00000000eb200000,0x00000000eb300000)
 ParOldGen       total 368128K, used 367787K [0x00000000c0000000, 0x00000000d6780000, 0x00000000eab00000)
  object space 368128K, 99% used [0x00000000c0000000,0x00000000d672aea0,0x00000000d6780000)
 Metaspace       used 61131K, committed 62528K, reserved 1114112K
  class space    used 6213K, committed 6848K, reserved 1048576K
}
Event: 95.540 GC heap before
{Heap before GC invocations=269 (full 4):
 PSYoungGen      total 8192K, used 7599K [0x00000000eab00000, 0x00000000eb400000, 0x0000000100000000)
  eden space 7168K, 99% used [0x00000000eab00000,0x00000000eb1fffc0,0x00000000eb200000)
  from space 1024K, 42% used [0x00000000eb300000,0x00000000eb36c030,0x00000000eb400000)
  to   space 1024K, 0% used [0x00000000eb200000,0x00000000eb200000,0x00000000eb300000)
 ParOldGen       total 368128K, used 367787K [0x00000000c0000000, 0x00000000d6780000, 0x00000000eab00000)
  object space 368128K, 99% used [0x00000000c0000000,0x00000000d672aea0,0x00000000d6780000)
 Metaspace       used 61257K, committed 62720K, reserved 1114112K
  class space    used 6217K, committed 6912K, reserved 1048576K
}
Event: 95.542 GC heap after
{Heap after GC invocations=269 (full 4):
 PSYoungGen      total 8192K, used 608K [0x00000000eab00000, 0x00000000eb400000, 0x0000000100000000)
  eden space 7168K, 0% used [0x00000000eab00000,0x00000000eab00000,0x00000000eb200000)
  from space 1024K, 59% used [0x00000000eb200000,0x00000000eb298060,0x00000000eb300000)
  to   space 1024K, 0% used [0x00000000eb300000,0x00000000eb300000,0x00000000eb400000)
 ParOldGen       total 368128K, used 367795K [0x00000000c0000000, 0x00000000d6780000, 0x00000000eab00000)
  object space 368128K, 99% used [0x00000000c0000000,0x00000000d672cea0,0x00000000d6780000)
 Metaspace       used 61257K, committed 62720K, reserved 1114112K
  class space    used 6217K, committed 6912K, reserved 1048576K
}

Dll operation events (10 events):
Event: 0.021 Loaded shared library c:\Users\kwize\.cursor\extensions\redhat.java-1.41.1-win32-x64\jre\21.0.6-win32-x86_64\bin\java.dll
Event: 0.303 Loaded shared library c:\Users\kwize\.cursor\extensions\redhat.java-1.41.1-win32-x64\jre\21.0.6-win32-x86_64\bin\zip.dll
Event: 0.363 Loaded shared library C:\Users\kwize\.cursor\extensions\redhat.java-1.41.1-win32-x64\jre\21.0.6-win32-x86_64\bin\instrument.dll
Event: 0.373 Loaded shared library C:\Users\kwize\.cursor\extensions\redhat.java-1.41.1-win32-x64\jre\21.0.6-win32-x86_64\bin\net.dll
Event: 0.379 Loaded shared library C:\Users\kwize\.cursor\extensions\redhat.java-1.41.1-win32-x64\jre\21.0.6-win32-x86_64\bin\nio.dll
Event: 0.386 Loaded shared library C:\Users\kwize\.cursor\extensions\redhat.java-1.41.1-win32-x64\jre\21.0.6-win32-x86_64\bin\zip.dll
Event: 0.462 Loaded shared library C:\Users\kwize\.cursor\extensions\redhat.java-1.41.1-win32-x64\jre\21.0.6-win32-x86_64\bin\jimage.dll
Event: 0.657 Loaded shared library c:\Users\kwize\.cursor\extensions\redhat.java-1.41.1-win32-x64\jre\21.0.6-win32-x86_64\bin\verify.dll
Event: 5.002 Loaded shared library C:\Users\kwize\AppData\Roaming\Cursor\User\globalStorage\redhat.java\1.41.1\config_win\org.eclipse.equinox.launcher\org.eclipse.equinox.launcher.win32.win32.x86_64_1.2.1300.v20250331-1702\eclipse_11911.dll
Event: 10.067 Loaded shared library C:\Users\kwize\AppData\Local\Temp\jna-102466664\jna8265661041324712351.dll

Deoptimization events (20 events):
Event: 94.319 Thread 0x000001d861622be0 DEOPT PACKING pc=0x000001d80f045e50 sp=0x00000012c6cfd950
Event: 94.320 Thread 0x000001d861622be0 DEOPT UNPACKING pc=0x000001d80e5e3aa2 sp=0x00000012c6cfd8d0 mode 2
Event: 94.320 Thread 0x000001d861622be0 Uncommon trap: trap_request=0xffffff45 fr.pc=0x000001d80f076024 relative=0x0000000000000164
Event: 94.320 Thread 0x000001d861622be0 Uncommon trap: reason=unstable_if action=reinterpret pc=0x000001d80f076024 method=org.eclipse.jdt.core.Signature.checkNextChar([CCIIZ)I @ 9 c2
Event: 94.320 Thread 0x000001d861622be0 DEOPT PACKING pc=0x000001d80f076024 sp=0x00000012c6cfd880
Event: 94.320 Thread 0x000001d861622be0 DEOPT UNPACKING pc=0x000001d80e5e3aa2 sp=0x00000012c6cfd838 mode 2
Event: 94.320 Thread 0x000001d861622be0 Uncommon trap: trap_request=0xffffff45 fr.pc=0x000001d80f0514a8 relative=0x0000000000000e28
Event: 94.320 Thread 0x000001d861622be0 Uncommon trap: reason=unstable_if action=reinterpret pc=0x000001d80f0514a8 method=org.eclipse.jdt.core.Signature.encodeQualifiedName([CIILjava/lang/StringBuilder;)I @ 16 c2
Event: 94.320 Thread 0x000001d861622be0 DEOPT PACKING pc=0x000001d80f0514a8 sp=0x00000012c6cfd8d0
Event: 94.320 Thread 0x000001d861622be0 DEOPT UNPACKING pc=0x000001d80e5e3aa2 sp=0x00000012c6cfd8b0 mode 2
Event: 94.404 Thread 0x000001d86085e620 DEOPT PACKING pc=0x000001d8079db9fc sp=0x00000012c3efe7b0
Event: 94.404 Thread 0x000001d86085e620 DEOPT UNPACKING pc=0x000001d80e5e4242 sp=0x00000012c3efdc38 mode 0
Event: 95.403 Thread 0x000001d818207cb0 DEOPT PACKING pc=0x000001d8074a0604 sp=0x00000012c5bfe930
Event: 95.403 Thread 0x000001d818207cb0 DEOPT UNPACKING pc=0x000001d80e5e4242 sp=0x00000012c5bfdde8 mode 0
Event: 95.407 Thread 0x000001d861621ec0 Uncommon trap: trap_request=0xffffff45 fr.pc=0x000001d80efa7874 relative=0x0000000000000974
Event: 95.407 Thread 0x000001d861621ec0 Uncommon trap: reason=unstable_if action=reinterpret pc=0x000001d80efa7874 method=org.eclipse.core.internal.watson.ElementTree.getElementData(Lorg/eclipse/core/runtime/IPath;)Ljava/lang/Object; @ 29 c2
Event: 95.407 Thread 0x000001d861621ec0 DEOPT PACKING pc=0x000001d80efa7874 sp=0x00000012c63fd560
Event: 95.407 Thread 0x000001d861621ec0 DEOPT UNPACKING pc=0x000001d80e5e3aa2 sp=0x00000012c63fd4c8 mode 2
Event: 95.550 Thread 0x000001d818207cb0 DEOPT PACKING pc=0x000001d8073ce565 sp=0x00000012c5bfdb30
Event: 95.550 Thread 0x000001d818207cb0 DEOPT UNPACKING pc=0x000001d80e5e4242 sp=0x00000012c5bfcfe8 mode 0

Classes loaded (20 events):
Event: 23.705 Loading class java/lang/UnsupportedClassVersionError
Event: 23.705 Loading class java/lang/UnsupportedClassVersionError done
Event: 23.717 Loading class java/util/concurrent/CompletableFuture$Signaller
Event: 23.717 Loading class java/util/concurrent/CompletableFuture$Signaller done
Event: 23.918 Loading class java/util/concurrent/ForkJoinTask$AdaptedCallable
Event: 23.919 Loading class java/util/concurrent/ForkJoinTask$AdaptedCallable done
Event: 24.614 Loading class java/util/concurrent/CompletableFuture$UniApply
Event: 24.614 Loading class java/util/concurrent/CompletableFuture$UniApply done
Event: 24.615 Loading class java/util/concurrent/CompletableFuture$UniExceptionally
Event: 24.616 Loading class java/util/concurrent/CompletableFuture$UniExceptionally done
Event: 24.686 Loading class java/util/Hashtable$KeySet
Event: 24.686 Loading class java/util/Hashtable$KeySet done
Event: 34.615 Loading class sun/nio/cs/ISO_8859_1$Encoder
Event: 34.616 Loading class sun/nio/cs/ISO_8859_1$Encoder done
Event: 34.617 Loading class sun/nio/cs/Surrogate$Parser
Event: 34.617 Loading class sun/nio/cs/Surrogate$Parser done
Event: 34.617 Loading class sun/nio/cs/Surrogate
Event: 34.617 Loading class sun/nio/cs/Surrogate done
Event: 39.986 Loading class sun/nio/fs/WindowsFileCopy
Event: 39.986 Loading class sun/nio/fs/WindowsFileCopy done

Classes unloaded (13 events):
Event: 12.033 Thread 0x000001d81817dfb0 Unloading class 0x000001d81a19c400 'java/lang/invoke/LambdaForm$MH+0x000001d81a19c400'
Event: 12.033 Thread 0x000001d81817dfb0 Unloading class 0x000001d81a19c000 'java/lang/invoke/LambdaForm$MH+0x000001d81a19c000'
Event: 12.033 Thread 0x000001d81817dfb0 Unloading class 0x000001d81a19bc00 'java/lang/invoke/LambdaForm$MH+0x000001d81a19bc00'
Event: 12.033 Thread 0x000001d81817dfb0 Unloading class 0x000001d81a19b800 'java/lang/invoke/LambdaForm$MH+0x000001d81a19b800'
Event: 12.033 Thread 0x000001d81817dfb0 Unloading class 0x000001d81a19b400 'java/lang/invoke/LambdaForm$BMH+0x000001d81a19b400'
Event: 12.033 Thread 0x000001d81817dfb0 Unloading class 0x000001d81a19b000 'java/lang/invoke/LambdaForm$DMH+0x000001d81a19b000'
Event: 12.033 Thread 0x000001d81817dfb0 Unloading class 0x000001d81a199c00 'java/lang/invoke/LambdaForm$DMH+0x000001d81a199c00'
Event: 15.779 Thread 0x000001d81817dfb0 Unloading class 0x000001d81a2d4400 'java/lang/invoke/LambdaForm$MH+0x000001d81a2d4400'
Event: 37.564 Thread 0x000001d81817dfb0 Unloading class 0x000001d81a6a8c00 'java/lang/invoke/LambdaForm$MH+0x000001d81a6a8c00'
Event: 37.564 Thread 0x000001d81817dfb0 Unloading class 0x000001d81a6a8400 'java/lang/invoke/LambdaForm$MH+0x000001d81a6a8400'
Event: 37.564 Thread 0x000001d81817dfb0 Unloading class 0x000001d81a6a8000 'java/lang/invoke/LambdaForm$MH+0x000001d81a6a8000'
Event: 37.564 Thread 0x000001d81817dfb0 Unloading class 0x000001d81a6a7400 'java/lang/invoke/LambdaForm$MH+0x000001d81a6a7400'
Event: 37.564 Thread 0x000001d81817dfb0 Unloading class 0x000001d81a6a6800 'java/lang/invoke/LambdaForm$MH+0x000001d81a6a6800'

Classes redefined (0 events):
No events

Internal exceptions (20 events):
Event: 25.178 Thread 0x000001d861628e50 Exception <a 'sun/nio/fs/WindowsException'{0x00000000eb317ea8}> (0x00000000eb317ea8) 
thrown [s\src\hotspot\share\prims\jni.cpp, line 520]
Event: 25.190 Thread 0x000001d861628e50 Exception <a 'sun/nio/fs/WindowsException'{0x00000000eb3f3898}> (0x00000000eb3f3898) 
thrown [s\src\hotspot\share\prims\jni.cpp, line 520]
Event: 25.190 Thread 0x000001d861628e50 Exception <a 'sun/nio/fs/WindowsException'{0x00000000eb3f3ed0}> (0x00000000eb3f3ed0) 
thrown [s\src\hotspot\share\prims\jni.cpp, line 520]
Event: 25.191 Thread 0x000001d861628e50 Exception <a 'sun/nio/fs/WindowsException'{0x00000000eb3f4bb8}> (0x00000000eb3f4bb8) 
thrown [s\src\hotspot\share\prims\jni.cpp, line 520]
Event: 25.191 Thread 0x000001d861628e50 Exception <a 'sun/nio/fs/WindowsException'{0x00000000eb3f51f0}> (0x00000000eb3f51f0) 
thrown [s\src\hotspot\share\prims\jni.cpp, line 520]
Event: 25.192 Thread 0x000001d861628e50 Exception <a 'sun/nio/fs/WindowsException'{0x00000000eb3f6578}> (0x00000000eb3f6578) 
thrown [s\src\hotspot\share\prims\jni.cpp, line 520]
Event: 25.192 Thread 0x000001d861628e50 Exception <a 'sun/nio/fs/WindowsException'{0x00000000eb3f6bb0}> (0x00000000eb3f6bb0) 
thrown [s\src\hotspot\share\prims\jni.cpp, line 520]
Event: 25.388 Thread 0x000001d861628e50 Exception <a 'java/lang/NoSuchMethodError'{0x00000000eae528b8}: 'java.lang.Object java.lang.invoke.DirectMethodHandle$Holder.invokeStatic(java.lang.Object, java.lang.Object, int, java.lang.Object)'> (0x00000000eae528b8) 
thrown [s\src\hotspot\share\interpreter\linkResolver.cpp, line 773]
Event: 25.389 Thread 0x000001d861628e50 Exception <a 'java/lang/NoSuchMethodError'{0x00000000eae59150}: 'java.lang.Object java.lang.invoke.DirectMethodHandle$Holder.newInvokeSpecial(java.lang.Object, java.lang.Object, int)'> (0x00000000eae59150) 
thrown [s\src\hotspot\share\interpreter\linkResolver.cpp, line 773]
Event: 34.436 Thread 0x000001d85e43a0f0 Implicit null exception at 0x000001d80ee1e120 to 0x000001d80ee1e49a
Event: 39.987 Thread 0x000001d818206270 Exception <a 'sun/nio/fs/WindowsException'{0x00000000eab5e330}> (0x00000000eab5e330) 
thrown [s\src\hotspot\share\prims\jni.cpp, line 520]
Event: 40.012 Thread 0x000001d818206270 Implicit null exception at 0x000001d80f0001a2 to 0x000001d80f003074
Event: 40.356 Thread 0x000001d861622be0 Exception <a 'java/lang/IncompatibleClassChangeError'{0x00000000eab79788}: Found class java.lang.Object, but interface was expected> (0x00000000eab79788) 
thrown [s\src\hotspot\share\interpreter\linkResolver.cpp, line 840]
Event: 40.410 Thread 0x000001d860860060 Exception <a 'sun/nio/fs/WindowsException'{0x00000000eacb89d0}> (0x00000000eacb89d0) 
thrown [s\src\hotspot\share\prims\jni.cpp, line 520]
Event: 40.410 Thread 0x000001d860860060 Exception <a 'sun/nio/fs/WindowsException'{0x00000000eacb92d8}> (0x00000000eacb92d8) 
thrown [s\src\hotspot\share\prims\jni.cpp, line 520]
Event: 40.412 Thread 0x000001d860860060 Exception <a 'sun/nio/fs/WindowsException'{0x00000000eacd6780}> (0x00000000eacd6780) 
thrown [s\src\hotspot\share\prims\jni.cpp, line 520]
Event: 40.412 Thread 0x000001d860860060 Exception <a 'sun/nio/fs/WindowsException'{0x00000000eacd7068}> (0x00000000eacd7068) 
thrown [s\src\hotspot\share\prims\jni.cpp, line 520]
Event: 40.414 Thread 0x000001d860860060 Exception <a 'sun/nio/fs/WindowsException'{0x00000000eacd8bf0}> (0x00000000eacd8bf0) 
thrown [s\src\hotspot\share\prims\jni.cpp, line 520]
Event: 40.414 Thread 0x000001d860860060 Exception <a 'sun/nio/fs/WindowsException'{0x00000000eacd94d8}> (0x00000000eacd94d8) 
thrown [s\src\hotspot\share\prims\jni.cpp, line 520]
Event: 94.224 Thread 0x000001d861622be0 Implicit null exception at 0x000001d80ef7556b to 0x000001d80ef7610c

ZGC Phase Switch (0 events):
No events

VM Operations (20 events):
Event: 92.257 Executing VM operation: ParallelGCFailedAllocation (Allocation Failure)
Event: 92.261 Executing VM operation: ParallelGCFailedAllocation (Allocation Failure) done
Event: 92.542 Executing VM operation: ParallelGCFailedAllocation (Allocation Failure)
Event: 92.548 Executing VM operation: ParallelGCFailedAllocation (Allocation Failure) done
Event: 92.893 Executing VM operation: ParallelGCFailedAllocation (Allocation Failure)
Event: 92.899 Executing VM operation: ParallelGCFailedAllocation (Allocation Failure) done
Event: 93.900 Executing VM operation: Cleanup
Event: 94.194 Executing VM operation: Cleanup done
Event: 94.227 Executing VM operation: HandshakeAllThreads (Deoptimize)
Event: 94.227 Executing VM operation: HandshakeAllThreads (Deoptimize) done
Event: 94.233 Executing VM operation: HandshakeAllThreads (Deoptimize)
Event: 94.234 Executing VM operation: HandshakeAllThreads (Deoptimize) done
Event: 94.255 Executing VM operation: HandshakeAllThreads (Deoptimize)
Event: 94.255 Executing VM operation: HandshakeAllThreads (Deoptimize) done
Event: 94.737 Executing VM operation: ParallelGCFailedAllocation (Allocation Failure)
Event: 94.739 Executing VM operation: ParallelGCFailedAllocation (Allocation Failure) done
Event: 95.318 Executing VM operation: ParallelGCFailedAllocation (Allocation Failure)
Event: 95.322 Executing VM operation: ParallelGCFailedAllocation (Allocation Failure) done
Event: 95.540 Executing VM operation: ParallelGCFailedAllocation (Allocation Failure)
Event: 95.542 Executing VM operation: ParallelGCFailedAllocation (Allocation Failure) done

Memory protections (0 events):
No events

Nmethod flushes (20 events):
Event: 37.599 Thread 0x000001d81817dfb0 flushing  nmethod 0x000001d807e6b510
Event: 37.599 Thread 0x000001d81817dfb0 flushing  nmethod 0x000001d807e6ba10
Event: 37.599 Thread 0x000001d81817dfb0 flushing  nmethod 0x000001d807e6f010
Event: 37.599 Thread 0x000001d81817dfb0 flushing  nmethod 0x000001d807e73390
Event: 37.599 Thread 0x000001d81817dfb0 flushing  nmethod 0x000001d807e8e910
Event: 37.599 Thread 0x000001d81817dfb0 flushing  nmethod 0x000001d807ee9410
Event: 37.599 Thread 0x000001d81817dfb0 flushing  nmethod 0x000001d807eed410
Event: 37.599 Thread 0x000001d81817dfb0 flushing  nmethod 0x000001d807ef2290
Event: 37.599 Thread 0x000001d81817dfb0 flushing  nmethod 0x000001d807ef7f10
Event: 37.599 Thread 0x000001d81817dfb0 flushing  nmethod 0x000001d807f0cf10
Event: 37.599 Thread 0x000001d81817dfb0 flushing  nmethod 0x000001d807f21810
Event: 37.599 Thread 0x000001d81817dfb0 flushing  nmethod 0x000001d807f6be90
Event: 37.599 Thread 0x000001d81817dfb0 flushing  nmethod 0x000001d807f6cb10
Event: 37.599 Thread 0x000001d81817dfb0 flushing  nmethod 0x000001d807fe1810
Event: 37.599 Thread 0x000001d81817dfb0 flushing  nmethod 0x000001d808037490
Event: 37.599 Thread 0x000001d81817dfb0 flushing  nmethod 0x000001d80803e710
Event: 37.599 Thread 0x000001d81817dfb0 flushing  nmethod 0x000001d808041d90
Event: 37.599 Thread 0x000001d81817dfb0 flushing  nmethod 0x000001d808042410
Event: 37.599 Thread 0x000001d81817dfb0 flushing  nmethod 0x000001d80807ff90
Event: 37.599 Thread 0x000001d81817dfb0 flushing  nmethod 0x000001d80809d990

Events (20 events):
Event: 45.596 Thread 0x000001d8625524e0 Thread exited: 0x000001d8625524e0
Event: 81.626 Thread 0x000001d861625340 Thread exited: 0x000001d861625340
Event: 85.319 Thread 0x000001d861622550 Thread exited: 0x000001d861622550
Event: 85.319 Thread 0x000001d818205be0 Thread exited: 0x000001d818205be0
Event: 85.360 Thread 0x000001d8616259d0 Thread exited: 0x000001d8616259d0
Event: 85.760 Thread 0x000001d861628e50 Thread exited: 0x000001d861628e50
Event: 90.856 Thread 0x000001d818206900 Thread exited: 0x000001d818206900
Event: 90.955 Thread 0x000001d81820f020 Thread added: 0x000001d8625524e0
Event: 91.055 Thread 0x000001d861623270 Thread exited: 0x000001d861623270
Event: 91.340 Thread 0x000001d8625524e0 Thread exited: 0x000001d8625524e0
Event: 91.586 Thread 0x000001d81820f020 Thread added: 0x000001d8625524e0
Event: 91.787 Thread 0x000001d861621ec0 Thread added: 0x000001d86085ecb0
Event: 92.034 Thread 0x000001d86085ecb0 Thread added: 0x000001d86085e620
Event: 92.037 Thread 0x000001d8625524e0 Thread exited: 0x000001d8625524e0
Event: 92.154 Thread 0x000001d81820f020 Thread added: 0x000001d8625524e0
Event: 92.219 Thread 0x000001d86085e620 Thread added: 0x000001d8608606f0
Event: 92.910 Thread 0x000001d818207cb0 Thread added: 0x000001d86085f340
Event: 94.208 Thread 0x000001d8625524e0 Thread exited: 0x000001d8625524e0
Event: 94.404 Thread 0x000001d86085e620 Thread added: 0x000001d86085ab10
Event: 95.194 Thread 0x000001d81820f020 Thread added: 0x000001d85f5c83f0


Dynamic libraries:
0x00007ff60d850000 - 0x00007ff60d85e000 	c:\Users\kwize\.cursor\extensions\redhat.java-1.41.1-win32-x64\jre\21.0.6-win32-x86_64\bin\java.exe
0x00007ffe75bf0000 - 0x00007ffe75de8000 	C:\WINDOWS\SYSTEM32\ntdll.dll
0x00007ffe73dc0000 - 0x00007ffe73e82000 	C:\WINDOWS\System32\KERNEL32.DLL
0x00007ffe736d0000 - 0x00007ffe739c6000 	C:\WINDOWS\System32\KERNELBASE.dll
0x00007ffe6c680000 - 0x00007ffe6c714000 	C:\WINDOWS\SYSTEM32\apphelp.dll
0x00007ffe73290000 - 0x00007ffe73390000 	C:\WINDOWS\System32\ucrtbase.dll
0x00007ffe4c0f0000 - 0x00007ffe4c10e000 	c:\Users\kwize\.cursor\extensions\redhat.java-1.41.1-win32-x64\jre\21.0.6-win32-x86_64\bin\VCRUNTIME140.dll
0x00007ffe4c1a0000 - 0x00007ffe4c1b8000 	c:\Users\kwize\.cursor\extensions\redhat.java-1.41.1-win32-x64\jre\21.0.6-win32-x86_64\bin\jli.dll
0x00007ffe75a10000 - 0x00007ffe75bad000 	C:\WINDOWS\System32\USER32.dll
0x00007ffe73460000 - 0x00007ffe73482000 	C:\WINDOWS\System32\win32u.dll
0x00007ffe74470000 - 0x00007ffe7449b000 	C:\WINDOWS\System32\GDI32.dll
0x00007ffe73a70000 - 0x00007ffe73b8a000 	C:\WINDOWS\System32\gdi32full.dll
0x00007ffe739d0000 - 0x00007ffe73a6d000 	C:\WINDOWS\System32\msvcp_win.dll
0x00007ffe5b490000 - 0x00007ffe5b72a000 	C:\WINDOWS\WinSxS\amd64_microsoft.windows.common-controls_6595b64144ccf1df_6.0.19041.5794_none_60bcd33171f2783c\COMCTL32.dll
0x00007ffe74980000 - 0x00007ffe74a1e000 	C:\WINDOWS\System32\msvcrt.dll
0x00007ffe74520000 - 0x00007ffe7454f000 	C:\WINDOWS\System32\IMM32.DLL
0x00007ffe6cec0000 - 0x00007ffe6cecc000 	c:\Users\kwize\.cursor\extensions\redhat.java-1.41.1-win32-x64\jre\21.0.6-win32-x86_64\bin\vcruntime140_1.dll
0x00007ffe38e20000 - 0x00007ffe38ead000 	c:\Users\kwize\.cursor\extensions\redhat.java-1.41.1-win32-x64\jre\21.0.6-win32-x86_64\bin\msvcp140.dll
0x00007ffe0c500000 - 0x00007ffe0d290000 	c:\Users\kwize\.cursor\extensions\redhat.java-1.41.1-win32-x64\jre\21.0.6-win32-x86_64\bin\server\jvm.dll
0x00007ffe742c0000 - 0x00007ffe7436f000 	C:\WINDOWS\System32\ADVAPI32.dll
0x00007ffe74370000 - 0x00007ffe7440f000 	C:\WINDOWS\System32\sechost.dll
0x00007ffe757a0000 - 0x00007ffe758c3000 	C:\WINDOWS\System32\RPCRT4.dll
0x00007ffe735f0000 - 0x00007ffe73617000 	C:\WINDOWS\System32\bcrypt.dll
0x00007ffe759a0000 - 0x00007ffe75a0b000 	C:\WINDOWS\System32\WS2_32.dll
0x00007ffe5a830000 - 0x00007ffe5a857000 	C:\WINDOWS\SYSTEM32\WINMM.dll
0x00007ffe73040000 - 0x00007ffe7308b000 	C:\WINDOWS\SYSTEM32\POWRPROF.dll
0x00007ffe60230000 - 0x00007ffe6023a000 	C:\WINDOWS\SYSTEM32\VERSION.dll
0x00007ffe73020000 - 0x00007ffe73032000 	C:\WINDOWS\SYSTEM32\UMPDC.dll
0x00007ffe71a50000 - 0x00007ffe71a62000 	C:\WINDOWS\SYSTEM32\kernel.appcore.dll
0x00007ffe519c0000 - 0x00007ffe519ca000 	c:\Users\kwize\.cursor\extensions\redhat.java-1.41.1-win32-x64\jre\21.0.6-win32-x86_64\bin\jimage.dll
0x00007ffe6de10000 - 0x00007ffe6dff4000 	C:\WINDOWS\SYSTEM32\DBGHELP.DLL
0x00007ffe53960000 - 0x00007ffe53994000 	C:\WINDOWS\SYSTEM32\dbgcore.DLL
0x00007ffe73b90000 - 0x00007ffe73c12000 	C:\WINDOWS\System32\bcryptPrimitives.dll
0x00007ffe518d0000 - 0x00007ffe518df000 	c:\Users\kwize\.cursor\extensions\redhat.java-1.41.1-win32-x64\jre\21.0.6-win32-x86_64\bin\instrument.dll
0x00007ffe39010000 - 0x00007ffe3902f000 	c:\Users\kwize\.cursor\extensions\redhat.java-1.41.1-win32-x64\jre\21.0.6-win32-x86_64\bin\java.dll
0x00007ffe74e90000 - 0x00007ffe755fe000 	C:\WINDOWS\System32\SHELL32.dll
0x00007ffe6e150000 - 0x00007ffe6e8f3000 	C:\WINDOWS\SYSTEM32\windows.storage.dll
0x00007ffe73f60000 - 0x00007ffe742b3000 	C:\WINDOWS\System32\combase.dll
0x00007ffe72b10000 - 0x00007ffe72b3b000 	C:\WINDOWS\SYSTEM32\Wldp.dll
0x00007ffe758d0000 - 0x00007ffe7599d000 	C:\WINDOWS\System32\OLEAUT32.dll
0x00007ffe73c20000 - 0x00007ffe73ccd000 	C:\WINDOWS\System32\SHCORE.dll
0x00007ffe73cd0000 - 0x00007ffe73d25000 	C:\WINDOWS\System32\shlwapi.dll
0x00007ffe731c0000 - 0x00007ffe731e5000 	C:\WINDOWS\SYSTEM32\profapi.dll
0x00007ffe3a140000 - 0x00007ffe3a158000 	c:\Users\kwize\.cursor\extensions\redhat.java-1.41.1-win32-x64\jre\21.0.6-win32-x86_64\bin\zip.dll
0x00007ffe51030000 - 0x00007ffe51040000 	C:\Users\kwize\.cursor\extensions\redhat.java-1.41.1-win32-x64\jre\21.0.6-win32-x86_64\bin\net.dll
0x00007ffe5feb0000 - 0x00007ffe5ffba000 	C:\WINDOWS\SYSTEM32\WINHTTP.dll
0x00007ffe728f0000 - 0x00007ffe7295c000 	C:\WINDOWS\system32\mswsock.dll
0x00007ffe38e00000 - 0x00007ffe38e16000 	C:\Users\kwize\.cursor\extensions\redhat.java-1.41.1-win32-x64\jre\21.0.6-win32-x86_64\bin\nio.dll
0x00007ffe4c440000 - 0x00007ffe4c450000 	c:\Users\kwize\.cursor\extensions\redhat.java-1.41.1-win32-x64\jre\21.0.6-win32-x86_64\bin\verify.dll
0x00007ffe32fd0000 - 0x00007ffe33015000 	C:\Users\kwize\AppData\Roaming\Cursor\User\globalStorage\redhat.java\1.41.1\config_win\org.eclipse.equinox.launcher\org.eclipse.equinox.launcher.win32.win32.x86_64_1.2.1300.v20250331-1702\eclipse_11911.dll
0x00007ffe75600000 - 0x00007ffe7572b000 	C:\WINDOWS\System32\ole32.dll
0x00007ffe72b50000 - 0x00007ffe72b68000 	C:\WINDOWS\SYSTEM32\CRYPTSP.dll
0x00007ffe72230000 - 0x00007ffe72268000 	C:\WINDOWS\system32\rsaenh.dll
0x00007ffe73140000 - 0x00007ffe7316e000 	C:\WINDOWS\SYSTEM32\USERENV.dll
0x00007ffe72a80000 - 0x00007ffe72a8c000 	C:\WINDOWS\SYSTEM32\CRYPTBASE.dll
0x00007ffe725f0000 - 0x00007ffe7262b000 	C:\WINDOWS\SYSTEM32\IPHLPAPI.DLL
0x00007ffe74970000 - 0x00007ffe74978000 	C:\WINDOWS\System32\NSI.dll
0x00007ffe32f30000 - 0x00007ffe32f79000 	C:\Users\kwize\AppData\Local\Temp\jna-102466664\jna8265661041324712351.dll
0x00007ffe75730000 - 0x00007ffe75738000 	C:\WINDOWS\System32\PSAPI.DLL
0x00007ffe66280000 - 0x00007ffe66297000 	C:\WINDOWS\SYSTEM32\dhcpcsvc6.DLL
0x00007ffe661c0000 - 0x00007ffe661dd000 	C:\WINDOWS\SYSTEM32\dhcpcsvc.DLL

dbghelp: loaded successfully - version: 4.0.5 - missing functions: none
symbol engine: initialized successfully - sym options: 0x614 - pdb path: .;c:\Users\kwize\.cursor\extensions\redhat.java-1.41.1-win32-x64\jre\21.0.6-win32-x86_64\bin;C:\WINDOWS\SYSTEM32;C:\WINDOWS\WinSxS\amd64_microsoft.windows.common-controls_6595b64144ccf1df_6.0.19041.5794_none_60bcd33171f2783c;c:\Users\kwize\.cursor\extensions\redhat.java-1.41.1-win32-x64\jre\21.0.6-win32-x86_64\bin\server;C:\Users\kwize\AppData\Roaming\Cursor\User\globalStorage\redhat.java\1.41.1\config_win\org.eclipse.equinox.launcher\org.eclipse.equinox.launcher.win32.win32.x86_64_1.2.1300.v20250331-1702;C:\Users\kwize\AppData\Local\Temp\jna-102466664

VM Arguments:
jvm_args: --add-modules=ALL-SYSTEM --add-opens=java.base/java.util=ALL-UNNAMED --add-opens=java.base/java.lang=ALL-UNNAMED --add-opens=java.base/sun.nio.fs=ALL-UNNAMED -Declipse.application=org.eclipse.jdt.ls.core.id1 -Dosgi.bundles.defaultStartLevel=4 -Declipse.product=org.eclipse.jdt.ls.core.product -Djava.import.generatesMetadataFilesAtProjectRoot=false -DDetectVMInstallationsJob.disabled=true -Dfile.encoding=utf8 -XX:+UseParallelGC -XX:GCTimeRatio=4 -XX:AdaptiveSizePolicyWeight=90 -Dsun.zip.disableMemoryMapping=true -Xmx1G -Xms100m -Xlog:disable -javaagent:c:\Users\kwize\.cursor\extensions\redhat.java-1.41.1-win32-x64\lombok\lombok-1.18.36.jar -XX:+HeapDumpOnOutOfMemoryError -XX:HeapDumpPath=c:\Users\kwize\AppData\Roaming\Cursor\User\workspaceStorage\64d257547f8c538efd80f571eff4fed1\redhat.java -Daether.dependencyCollector.impl=bf 
java_command: c:\Users\kwize\.cursor\extensions\redhat.java-1.41.1-win32-x64\server\plugins\org.eclipse.equinox.launcher_1.7.0.v20250331-1702.jar -configuration c:\Users\kwize\AppData\Roaming\Cursor\User\globalStorage\redhat.java\1.41.1\config_win -data c:\Users\kwize\AppData\Roaming\Cursor\User\workspaceStorage\64d257547f8c538efd80f571eff4fed1\redhat.java\jdt_ws --pipe=\\.\pipe\lsp-aab17ec2a341171e7c39a07a2ec093db-sock
java_class_path (initial): c:\Users\kwize\.cursor\extensions\redhat.java-1.41.1-win32-x64\server\plugins\org.eclipse.equinox.launcher_1.7.0.v20250331-1702.jar
Launcher Type: SUN_STANDARD

[Global flags]
    uintx AdaptiveSizePolicyWeight                 = 90                                        {product} {command line}
     intx CICompilerCount                          = 3                                         {product} {ergonomic}
    uintx GCTimeRatio                              = 4                                         {product} {command line}
     bool HeapDumpOnOutOfMemoryError               = true                                   {manageable} {command line}
    ccstr HeapDumpPath                             = c:\Users\kwize\AppData\Roaming\Cursor\User\workspaceStorage\64d257547f8c538efd80f571eff4fed1\redhat.java         {manageable} {command line}
   size_t InitialHeapSize                          = 104857600                                 {product} {command line}
   size_t MaxHeapSize                              = 1073741824                                {product} {command line}
   size_t MaxNewSize                               = 357564416                                 {product} {ergonomic}
   size_t MinHeapDeltaBytes                        = 524288                                    {product} {ergonomic}
   size_t MinHeapSize                              = 104857600                                 {product} {command line}
   size_t NewSize                                  = 34603008                                  {product} {ergonomic}
    uintx NonNMethodCodeHeapSize                   = 5832780                                {pd product} {ergonomic}
    uintx NonProfiledCodeHeapSize                  = 122912730                              {pd product} {ergonomic}
   size_t OldSize                                  = 70254592                                  {product} {ergonomic}
    uintx ProfiledCodeHeapSize                     = 122912730                              {pd product} {ergonomic}
    uintx ReservedCodeCacheSize                    = 251658240                              {pd product} {ergonomic}
     bool SegmentedCodeCache                       = true                                      {product} {ergonomic}
   size_t SoftMaxHeapSize                          = 1073741824                             {manageable} {ergonomic}
     bool UseCompressedOops                        = true                           {product lp64_product} {ergonomic}
     bool UseLargePagesIndividualAllocation        = false                                  {pd product} {ergonomic}
     bool UseParallelGC                            = true                                      {product} {command line}

Logging:
Log output configuration:
 #0: stdout all=off uptime,level,tags foldmultilines=false
 #1: stderr all=off uptime,level,tags foldmultilines=false

Environment Variables:
PATH=c:\Users\kwize\AppData\Local\Programs\cursor\resources\app\bin;C:\Program Files\Common Files\Oracle\Java\javapath;C:\oraclexe\app\oracle\product\10.2.0\server\bin;C:\WINDOWS\system32;C:\WINDOWS;C:\WINDOWS\System32\Wbem;C:\WINDOWS\System32\WindowsPowerShell\v1.0\;C:\WINDOWS\System32\OpenSSH\;C:\ProgramData\chocolatey\bin;C:\Program Files\dotnet\;C:\Program Files\Git\cmd;C:\Users\kwize\AppData\Local\Microsoft\WindowsApps;C:\Program Files\JetBrains\IntelliJ IDEA 2024.3.1\bin;;c:\Users\kwize\AppData\Local\Programs\cursor\resources\app\bin;C:\Program Files\nodejs\;C:\Program Files\Docker\Docker\resources\bin;C:\Users\kwize\AppData\Local\Microsoft\WindowsApps;C:\Users\kwize\AppData\Local\Programs\Microsoft VS Code\bin;C:\Program Files\JetBrains\IntelliJ IDEA 2024.3.1\bin;;C:\Users\kwize\AppData\Local\Programs\cursor\resources\app\bin;C:\Users\kwize\AppData\Roaming\npm;C:\Users\kwize\AppData\Local\Programs\Windsurf\bin
USERNAME=kwize
OS=Windows_NT
PROCESSOR_IDENTIFIER=Intel64 Family 6 Model 78 Stepping 3, GenuineIntel
TMP=C:\Users\kwize\AppData\Local\Temp
TEMP=C:\Users\kwize\AppData\Local\Temp




Periodic native trim disabled

---------------  S Y S T E M  ---------------

OS:
 Windows 10 , 64 bit Build 19041 (10.0.19041.5794)
OS uptime: 0 days 4:45 hours
Hyper-V role detected

CPU: total 4 (initial active 4) (2 cores per cpu, 2 threads per core) family 6 model 78 stepping 3 microcode 0xea, cx8, cmov, fxsr, ht, mmx, 3dnowpref, sse, sse2, sse3, ssse3, sse4.1, sse4.2, popcnt, lzcnt, tsc, tscinvbit, avx, avx2, aes, erms, clmul, bmi1, bmi2, rtm, adx, fma, vzeroupper, clflush, clflushopt, hv, rdtscp, f16c
Processor Information for the first 4 processors :
  Max Mhz: 2496, Current Mhz: 2396, Mhz Limit: 2396

Memory: 4k page, system-wide physical 8071M (424M free)
TotalPageFile size 12071M (AvailPageFile size 4M)
current process WorkingSet (physical memory assigned to process): 691M, peak: 700M
current process commit charge ("private bytes"): 597M, peak: 908M

vm_info: OpenJDK 64-Bit Server VM (21.0.6+7-LTS) for windows-amd64 JRE (21.0.6+7-LTS), built on 2025-01-21T00:00:00Z by "admin" with MS VC++ 17.7 (VS2022)

END.
