#
# There is insufficient memory for the Java Runtime Environment to continue.
# Native memory allocation (malloc) failed to allocate 1416112 bytes. Error detail: Chunk::new
# Possible reasons:
#   The system is out of physical RAM or swap space
#   This process is running with CompressedOops enabled, and the Java Heap may be blocking the growth of the native heap
# Possible solutions:
#   Reduce memory load on the system
#   Increase physical memory or swap space
#   Check if swap backing store is full
#   Decrease Java heap size (-Xmx/-Xms)
#   Decrease number of Java threads
#   Decrease Java thread stack sizes (-Xss)
#   Set larger code cache with -XX:ReservedCodeCacheSize=
#   JVM is running with Unscaled Compressed Oops mode in which the Java heap is
#     placed in the first 4GB address space. The Java Heap base address is the
#     maximum limit for the native heap growth. Please use -XX:HeapBaseMinAddress
#     to set the Java Heap base and to place the Java Heap above 4GB virtual address.
# This output file may be truncated or incomplete.
#
#  Out of Memory Error (arena.cpp:168), pid=12484, tid=16328
#
# JRE version: OpenJDK Runtime Environment Temurin-21.0.6+7 (21.0.6+7) (build 21.0.6+7-LTS)
# Java VM: OpenJDK 64-Bit Server VM Temurin-21.0.6+7 (21.0.6+7-LTS, mixed mode, sharing, tiered, compressed oops, compressed class ptrs, parallel gc, windows-amd64)
# No core dump will be written. Minidumps are not enabled by default on client versions of Windows
#

---------------  S U M M A R Y ------------

Command Line: --add-modules=ALL-SYSTEM --add-opens=java.base/java.util=ALL-UNNAMED --add-opens=java.base/java.lang=ALL-UNNAMED --add-opens=java.base/sun.nio.fs=ALL-UNNAMED -Declipse.application=org.eclipse.jdt.ls.core.id1 -Dosgi.bundles.defaultStartLevel=4 -Declipse.product=org.eclipse.jdt.ls.core.product -Djava.import.generatesMetadataFilesAtProjectRoot=false -DDetectVMInstallationsJob.disabled=true -Dfile.encoding=utf8 -XX:+UseParallelGC -XX:GCTimeRatio=4 -XX:AdaptiveSizePolicyWeight=90 -Dsun.zip.disableMemoryMapping=true -Xmx1G -Xms100m -Xlog:disable -javaagent:c:\Users\kwize\.cursor\extensions\redhat.java-1.41.1-win32-x64\lombok\lombok-1.18.36.jar -XX:+HeapDumpOnOutOfMemoryError -XX:HeapDumpPath=c:\Users\kwize\AppData\Roaming\Cursor\User\workspaceStorage\64d257547f8c538efd80f571eff4fed1\redhat.java -Daether.dependencyCollector.impl=bf c:\Users\kwize\.cursor\extensions\redhat.java-1.41.1-win32-x64\server\plugins\org.eclipse.equinox.launcher_1.7.0.v20250331-1702.jar -configuration c:\Users\kwize\AppData\Roaming\Cursor\User\globalStorage\redhat.java\1.41.1\config_win -data c:\Users\kwize\AppData\Roaming\Cursor\User\workspaceStorage\64d257547f8c538efd80f571eff4fed1\redhat.java\jdt_ws --pipe=\\.\pipe\lsp-f7889524dc0094468e4fbdff17db4845-sock

Host: Intel(R) Core(TM) i5-6300U CPU @ 2.40GHz, 4 cores, 7G,  Windows 10 , 64 bit Build 19041 (10.0.19041.5794)
Time: Tue May 13 17:27:45 2025 South Africa Standard Time elapsed time: 112.985282 seconds (0d 0h 1m 52s)

---------------  T H R E A D  ---------------

Current thread (0x000001e8166b6ee0):  JavaThread "C2 CompilerThread0" daemon [_thread_in_native, id=16328, stack(0x0000005514000000,0x0000005514100000) (1024K)]


Current CompileTask:
C2:112985 13621       4       org.eclipse.jdt.internal.compiler.lookup.ModuleBinding::getVisiblePackage (472 bytes)

Stack: [0x0000005514000000,0x0000005514100000]
Native frames: (J=compiled Java code, j=interpreted, Vv=VM code, C=native code)
V  [jvm.dll+0x6cdee9]
V  [jvm.dll+0x8a83d1]
V  [jvm.dll+0x8aa8fe]
V  [jvm.dll+0x8aafe3]
V  [jvm.dll+0x27f706]
V  [jvm.dll+0xc500d]
V  [jvm.dll+0xc5543]
V  [jvm.dll+0x3b678c]
V  [jvm.dll+0x1e0009]
V  [jvm.dll+0x247b42]
V  [jvm.dll+0x246fcf]
V  [jvm.dll+0x1c75ee]
V  [jvm.dll+0x25685a]
V  [jvm.dll+0x254dfa]
V  [jvm.dll+0x3f0256]
V  [jvm.dll+0x851f8b]
V  [jvm.dll+0x6cc5ed]
C  [ucrtbase.dll+0x21bb2]
C  [KERNEL32.DLL+0x17374]
C  [ntdll.dll+0x4cc91]


---------------  P R O C E S S  ---------------

Threads class SMR info:
_java_thread_list=0x000001e860f742c0, length=65, elements={
0x000001e8000ae7e0, 0x000001e8166ab0e0, 0x000001e8166ac940, 0x000001e8166aea50,
0x000001e8166b1bf0, 0x000001e8166b5660, 0x000001e8166b60b0, 0x000001e8166b6ee0,
0x000001e816728340, 0x000001e858491980, 0x000001e8586d2e20, 0x000001e85d717ac0,
0x000001e858715d00, 0x000001e858715660, 0x000001e85849d6f0, 0x000001e85d7fe120,
0x000001e85d8a0ea0, 0x000001e85d651ff0, 0x000001e85d6533a0, 0x000001e85d652d10,
0x000001e85d653a30, 0x000001e85d6540c0, 0x000001e85d652680, 0x000001e85d654750,
0x000001e85d655470, 0x000001e85de31ca0, 0x000001e85de2f540, 0x000001e85de31610,
0x000001e85de308f0, 0x000001e85de2fbd0, 0x000001e85de33050, 0x000001e85de2e820,
0x000001e85de336e0, 0x000001e85de2db00, 0x000001e85de33d70, 0x000001e85de2cde0,
0x000001e85de2d470, 0x000001e85de32330, 0x000001e85de30f80, 0x000001e85de2e190,
0x000001e85de2eeb0, 0x000001e85de30260, 0x000001e85de329c0, 0x000001e85de34400,
0x000001e85fef2020, 0x000001e85fef1990, 0x000001e85fef26b0, 0x000001e85fef2d40,
0x000001e85fef33d0, 0x000001e85feede80, 0x000001e85fef4e10, 0x000001e85fef3a60,
0x000001e85fef40f0, 0x000001e85feef230, 0x000001e85feee510, 0x000001e85fef54a0,
0x000001e85fef4780, 0x000001e85feeeba0, 0x000001e85feeff50, 0x000001e85fef05e0,
0x000001e85fef1300, 0x000001e85dfe2740, 0x000001e85dfe1a20, 0x000001e85dfe3af0,
0x000001e85dfe2dd0
}

Java Threads: ( => current thread )
  0x000001e8000ae7e0 JavaThread "main"                              [_thread_blocked, id=12956, stack(0x0000005513600000,0x0000005513700000) (1024K)]
  0x000001e8166ab0e0 JavaThread "Reference Handler"          daemon [_thread_blocked, id=11988, stack(0x0000005513a00000,0x0000005513b00000) (1024K)]
  0x000001e8166ac940 JavaThread "Finalizer"                  daemon [_thread_blocked, id=5548, stack(0x0000005513b00000,0x0000005513c00000) (1024K)]
  0x000001e8166aea50 JavaThread "Signal Dispatcher"          daemon [_thread_blocked, id=864, stack(0x0000005513c00000,0x0000005513d00000) (1024K)]
  0x000001e8166b1bf0 JavaThread "Attach Listener"            daemon [_thread_blocked, id=3328, stack(0x0000005513d00000,0x0000005513e00000) (1024K)]
  0x000001e8166b5660 JavaThread "Service Thread"             daemon [_thread_blocked, id=16012, stack(0x0000005513e00000,0x0000005513f00000) (1024K)]
  0x000001e8166b60b0 JavaThread "Monitor Deflation Thread"   daemon [_thread_blocked, id=2476, stack(0x0000005513f00000,0x0000005514000000) (1024K)]
=>0x000001e8166b6ee0 JavaThread "C2 CompilerThread0"         daemon [_thread_in_native, id=16328, stack(0x0000005514000000,0x0000005514100000) (1024K)]
  0x000001e816728340 JavaThread "C1 CompilerThread0"         daemon [_thread_blocked, id=16252, stack(0x0000005514100000,0x0000005514200000) (1024K)]
  0x000001e858491980 JavaThread "Common-Cleaner"             daemon [_thread_blocked, id=556, stack(0x0000005514200000,0x0000005514300000) (1024K)]
  0x000001e8586d2e20 JavaThread "Notification Thread"        daemon [_thread_blocked, id=16120, stack(0x0000005514300000,0x0000005514400000) (1024K)]
  0x000001e85d717ac0 JavaThread "Active Thread: Equinox Container: 8a0533de-0e32-48c4-8a56-4407d2f03cf5"        [_thread_blocked, id=7728, stack(0x0000005514700000,0x0000005514800000) (1024K)]
  0x000001e858715d00 JavaThread "Refresh Thread: Equinox Container: 8a0533de-0e32-48c4-8a56-4407d2f03cf5" daemon [_thread_blocked, id=4176, stack(0x0000005514900000,0x0000005514a00000) (1024K)]
  0x000001e858715660 JavaThread "Framework Event Dispatcher: Equinox Container: 8a0533de-0e32-48c4-8a56-4407d2f03cf5" daemon [_thread_blocked, id=5088, stack(0x0000005514800000,0x0000005514900000) (1024K)]
  0x000001e85849d6f0 JavaThread "Start Level: Equinox Container: 8a0533de-0e32-48c4-8a56-4407d2f03cf5" daemon [_thread_blocked, id=6084, stack(0x0000005514a00000,0x0000005514b00000) (1024K)]
  0x000001e85d7fe120 JavaThread "Bundle File Closer"         daemon [_thread_blocked, id=3624, stack(0x0000005514b00000,0x0000005514c00000) (1024K)]
  0x000001e85d8a0ea0 JavaThread "SCR Component Actor"        daemon [_thread_blocked, id=7872, stack(0x0000005514d00000,0x0000005514e00000) (1024K)]
  0x000001e85d651ff0 JavaThread "Worker-JM"                         [_thread_blocked, id=9528, stack(0x0000005514e00000,0x0000005514f00000) (1024K)]
  0x000001e85d6533a0 JavaThread "Worker-0: Update invisible project classpath"        [_thread_blocked, id=10784, stack(0x0000005514f00000,0x0000005515000000) (1024K)]
  0x000001e85d652d10 JavaThread "Worker-1"                          [_thread_blocked, id=13824, stack(0x0000005515000000,0x0000005515100000) (1024K)]
  0x000001e85d653a30 JavaThread "Worker-2"                          [_thread_blocked, id=584, stack(0x0000005515100000,0x0000005515200000) (1024K)]
  0x000001e85d6540c0 JavaThread "Worker-3"                          [_thread_blocked, id=8480, stack(0x0000005515200000,0x0000005515300000) (1024K)]
  0x000001e85d652680 JavaThread "Java indexing"              daemon [_thread_blocked, id=6172, stack(0x0000005515400000,0x0000005515500000) (1024K)]
  0x000001e85d654750 JavaThread "JNA Cleaner"                daemon [_thread_blocked, id=12444, stack(0x0000005514c00000,0x0000005514d00000) (1024K)]
  0x000001e85d655470 JavaThread "Worker-4"                          [_thread_blocked, id=512, stack(0x0000005515700000,0x0000005515800000) (1024K)]
  0x000001e85de31ca0 JavaThread "Worker-5: Update invisible project classpath"        [_thread_blocked, id=3248, stack(0x0000005515800000,0x0000005515900000) (1024K)]
  0x000001e85de2f540 JavaThread "Thread-2"                   daemon [_thread_in_native, id=14176, stack(0x0000005515900000,0x0000005515a00000) (1024K)]
  0x000001e85de31610 JavaThread "Thread-3"                   daemon [_thread_in_native, id=15056, stack(0x0000005515a00000,0x0000005515b00000) (1024K)]
  0x000001e85de308f0 JavaThread "Thread-4"                   daemon [_thread_in_native, id=12772, stack(0x0000005515b00000,0x0000005515c00000) (1024K)]
  0x000001e85de2fbd0 JavaThread "Thread-5"                   daemon [_thread_in_native, id=4376, stack(0x0000005515c00000,0x0000005515d00000) (1024K)]
  0x000001e85de33050 JavaThread "Thread-6"                   daemon [_thread_in_native, id=7624, stack(0x0000005515d00000,0x0000005515e00000) (1024K)]
  0x000001e85de2e820 JavaThread "pool-2-thread-1"                   [_thread_blocked, id=8144, stack(0x0000005515300000,0x0000005515400000) (1024K)]
  0x000001e85de336e0 JavaThread "WorkspaceEventsHandler"            [_thread_blocked, id=5396, stack(0x0000005515f00000,0x0000005516000000) (1024K)]
  0x000001e85de2db00 JavaThread "pool-1-thread-1"                   [_thread_blocked, id=10044, stack(0x0000005516000000,0x0000005516100000) (1024K)]
  0x000001e85de33d70 JavaThread "ForkJoinPool.commonPool-worker-1" daemon [_thread_blocked, id=1352, stack(0x0000005516100000,0x0000005516200000) (1024K)]
  0x000001e85de2cde0 JavaThread "LocalFile Deleter"          daemon [_thread_blocked, id=15760, stack(0x0000005516300000,0x0000005516400000) (1024K)]
  0x000001e85de2d470 JavaThread "LocalFile Deleter"          daemon [_thread_blocked, id=9932, stack(0x0000005516400000,0x0000005516500000) (1024K)]
  0x000001e85de32330 JavaThread "Compiler Source File Reader" daemon [_thread_blocked, id=13192, stack(0x0000005516500000,0x0000005516600000) (1024K)]
  0x000001e85de30f80 JavaThread "Compiler Source File Reader" daemon [_thread_blocked, id=4668, stack(0x0000005516600000,0x0000005516700000) (1024K)]
  0x000001e85de2e190 JavaThread "Compiler Processing Task"   daemon [_thread_blocked, id=12408, stack(0x0000005516700000,0x0000005516800000) (1024K)]
  0x000001e85de2eeb0 JavaThread "Compiler Class File Writer" daemon [_thread_blocked, id=6684, stack(0x0000005516800000,0x0000005516900000) (1024K)]
  0x000001e85de30260 JavaThread "Compiler Class File Writer" daemon [_thread_blocked, id=4324, stack(0x0000005516900000,0x0000005516a00000) (1024K)]
  0x000001e85de329c0 JavaThread "Worker-6"                          [_thread_blocked, id=10384, stack(0x0000005516a00000,0x0000005516b00000) (1024K)]
  0x000001e85de34400 JavaThread "Worker-7: Update invisible project classpath"        [_thread_blocked, id=5444, stack(0x0000005516b00000,0x0000005516c00000) (1024K)]
  0x000001e85fef2020 JavaThread "ForkJoinPool.commonPool-worker-2" daemon [_thread_blocked, id=14732, stack(0x0000005516c00000,0x0000005516d00000) (1024K)]
  0x000001e85fef1990 JavaThread "Worker-8: Update invisible project classpath"        [_thread_blocked, id=8808, stack(0x0000005516d00000,0x0000005516e00000) (1024K)]
  0x000001e85fef26b0 JavaThread "Worker-9"                          [_thread_blocked, id=11684, stack(0x0000005516e00000,0x0000005516f00000) (1024K)]
  0x000001e85fef2d40 JavaThread "Worker-10"                         [_thread_blocked, id=9864, stack(0x0000005516f00000,0x0000005517000000) (1024K)]
  0x000001e85fef33d0 JavaThread "Worker-11"                         [_thread_blocked, id=15996, stack(0x0000005517000000,0x0000005517100000) (1024K)]
  0x000001e85feede80 JavaThread "Worker-12: Update invisible project classpath"        [_thread_blocked, id=2536, stack(0x0000005517100000,0x0000005517200000) (1024K)]
  0x000001e85fef4e10 JavaThread "ForkJoinPool.commonPool-worker-3" daemon [_thread_blocked, id=9732, stack(0x0000005513400000,0x0000005513500000) (1024K)]
  0x000001e85fef3a60 JavaThread "Worker-13: Update invisible project classpath"        [_thread_blocked, id=9068, stack(0x0000005516200000,0x0000005516300000) (1024K)]
  0x000001e85fef40f0 JavaThread "Worker-14"                         [_thread_blocked, id=5596, stack(0x0000005513500000,0x0000005513600000) (1024K)]
  0x000001e85feef230 JavaThread "Worker-15"                         [_thread_blocked, id=3256, stack(0x0000005517200000,0x0000005517300000) (1024K)]
  0x000001e85feee510 JavaThread "Worker-16"                         [_thread_blocked, id=10296, stack(0x0000005517300000,0x0000005517400000) (1024K)]
  0x000001e85fef54a0 JavaThread "Worker-17"                         [_thread_blocked, id=10568, stack(0x0000005517400000,0x0000005517500000) (1024K)]
  0x000001e85fef4780 JavaThread "Worker-18: Update invisible project classpath"        [_thread_blocked, id=4232, stack(0x0000005517500000,0x0000005517600000) (1024K)]
  0x000001e85feeeba0 JavaThread "Worker-19"                         [_thread_blocked, id=9116, stack(0x0000005517600000,0x0000005517700000) (1024K)]
  0x000001e85feeff50 JavaThread "Worker-20"                         [_thread_blocked, id=6768, stack(0x0000005517700000,0x0000005517800000) (1024K)]
  0x000001e85fef05e0 JavaThread "Worker-21: Update invisible project classpath"        [_thread_blocked, id=12180, stack(0x0000005517800000,0x0000005517900000) (1024K)]
  0x000001e85fef1300 JavaThread "Worker-22"                         [_thread_blocked, id=3288, stack(0x0000005517900000,0x0000005517a00000) (1024K)]
  0x000001e85dfe2740 JavaThread "Worker-23: Update invisible project classpath"        [_thread_blocked, id=1652, stack(0x0000005517a00000,0x0000005517b00000) (1024K)]
  0x000001e85dfe1a20 JavaThread "Worker-24"                         [_thread_blocked, id=4452, stack(0x0000005517b00000,0x0000005517c00000) (1024K)]
  0x000001e85dfe3af0 JavaThread "Worker-25"                         [_thread_blocked, id=9224, stack(0x0000005517c00000,0x0000005517d00000) (1024K)]
  0x000001e85dfe2dd0 JavaThread "Worker-26"                         [_thread_blocked, id=2384, stack(0x0000005517d00000,0x0000005517e00000) (1024K)]
Total: 65

Other Threads:
  0x000001e80243eac0 VMThread "VM Thread"                           [id=5232, stack(0x0000005513900000,0x0000005513a00000) (1024K)]
  0x000001e8023ec670 WatcherThread "VM Periodic Task Thread"        [id=7160, stack(0x0000005513800000,0x0000005513900000) (1024K)]
  0x000001e80239dc10 WorkerThread "GC Thread#0"                     [id=12452, stack(0x0000005513700000,0x0000005513800000) (1024K)]
  0x000001e8587d9180 WorkerThread "GC Thread#1"                     [id=3656, stack(0x0000005514400000,0x0000005514500000) (1024K)]
  0x000001e85d3ba050 WorkerThread "GC Thread#2"                     [id=6236, stack(0x0000005514500000,0x0000005514600000) (1024K)]
  0x000001e85d3ba3f0 WorkerThread "GC Thread#3"                     [id=7396, stack(0x0000005514600000,0x0000005514700000) (1024K)]
Total: 6

Threads with active compile tasks:
C2 CompilerThread0  113061 13621       4       org.eclipse.jdt.internal.compiler.lookup.ModuleBinding::getVisiblePackage (472 bytes)
Total: 1

VM state: not at safepoint (normal execution)

VM Mutex/Monitor currently owned by a thread: None

Heap address: 0x00000000c0000000, size: 1024 MB, Compressed Oops mode: 32-bit

CDS archive(s) mapped at: [0x000001e817000000-0x000001e817ba0000-0x000001e817ba0000), size 12189696, SharedBaseAddress: 0x000001e817000000, ArchiveRelocationMode: 1.
Compressed class space mapped at: 0x000001e818000000-0x000001e858000000, reserved size: 1073741824
Narrow klass base: 0x000001e817000000, Narrow klass shift: 0, Narrow klass range: 0x100000000

GC Precious Log:
 CardTable entry size: 512
 CPUs: 4 total, 4 available
 Memory: 8071M
 Large Page Support: Disabled
 NUMA Support: Disabled
 Compressed Oops: Enabled (32-bit)
 Alignments: Space 512K, Generation 512K, Heap 2M
 Heap Min Capacity: 100M
 Heap Initial Capacity: 100M
 Heap Max Capacity: 1G
 Pre-touch: Disabled
 Parallel Workers: 4

Heap:
 PSYoungGen      total 13312K, used 9855K [0x00000000eab00000, 0x00000000eb980000, 0x0000000100000000)
  eden space 12800K, 75% used [0x00000000eab00000,0x00000000eb477f08,0x00000000eb780000)
  from space 512K, 31% used [0x00000000eb900000,0x00000000eb928000,0x00000000eb980000)
  to   space 512K, 0% used [0x00000000eb880000,0x00000000eb880000,0x00000000eb900000)
 ParOldGen       total 531456K, used 530997K [0x00000000c0000000, 0x00000000e0700000, 0x00000000eab00000)
  object space 531456K, 99% used [0x00000000c0000000,0x00000000e068d450,0x00000000e0700000)
 Metaspace       used 70885K, committed 72320K, reserved 1114112K
  class space    used 7119K, committed 7744K, reserved 1048576K

Card table byte_map: [0x000001e801d40000,0x000001e801f50000] _byte_map_base: 0x000001e801740000

Marking Bits: (ParMarkBitMap*) 0x00007ffe0d1b3260
 Begin Bits: [0x000001e814570000, 0x000001e815570000)
 End Bits:   [0x000001e815570000, 0x000001e816570000)

Polling page: 0x000001e800410000

Metaspace:

Usage:
  Non-class:     62.27 MB used.
      Class:      6.95 MB used.
       Both:     69.22 MB used.

Virtual space:
  Non-class space:       64.00 MB reserved,      63.06 MB ( 99%) committed,  1 nodes.
      Class space:        1.00 GB reserved,       7.56 MB ( <1%) committed,  1 nodes.
             Both:        1.06 GB reserved,      70.62 MB (  6%) committed. 

Chunk freelists:
   Non-Class:  870.00 KB
       Class:  8.47 MB
        Both:  9.32 MB

MaxMetaspaceSize: unlimited
CompressedClassSpaceSize: 1.00 GB
Initial GC threshold: 21.00 MB
Current GC threshold: 97.31 MB
CDS: on
 - commit_granule_bytes: 65536.
 - commit_granule_words: 8192.
 - virtual_space_node_default_size: 8388608.
 - enlarge_chunks_in_place: 1.
 - use_allocation_guard: 0.


Internal statistics:

num_allocs_failed_limit: 9.
num_arena_births: 1260.
num_arena_deaths: 28.
num_vsnodes_births: 2.
num_vsnodes_deaths: 0.
num_space_committed: 1130.
num_space_uncommitted: 0.
num_chunks_returned_to_freelist: 40.
num_chunks_taken_from_freelist: 4510.
num_chunk_merges: 18.
num_chunk_splits: 2721.
num_chunks_enlarged: 1493.
num_inconsistent_stats: 0.

CodeHeap 'non-profiled nmethods': size=120000Kb used=9952Kb max_used=9952Kb free=110047Kb
 bounds [0x000001e80d040000, 0x000001e80da00000, 0x000001e814570000]
CodeHeap 'profiled nmethods': size=120000Kb used=31270Kb max_used=31270Kb free=88729Kb
 bounds [0x000001e805570000, 0x000001e807400000, 0x000001e80caa0000]
CodeHeap 'non-nmethods': size=5760Kb used=1484Kb max_used=1584Kb free=4275Kb
 bounds [0x000001e80caa0000, 0x000001e80cd10000, 0x000001e80d040000]
 total_blobs=13693 nmethods=12892 adapters=705
 compilation: enabled
              stopped_count=0, restarted_count=0
 full_count=0

Compilation events (20 events):
Event: 112.876 Thread 0x000001e816728340 13765       1       org.eclipse.jdt.internal.compiler.lookup.Binding::isVolatile (2 bytes)
Event: 112.876 Thread 0x000001e816728340 nmethod 13765 0x000001e80d9f7910 code [0x000001e80d9f7aa0, 0x000001e80d9f7b68]
Event: 112.877 Thread 0x000001e816728340 13766       2       org.eclipse.jdt.internal.core.Annotation::getSourceRange (36 bytes)
Event: 112.878 Thread 0x000001e816728340 nmethod 13766 0x000001e8073f5510 code [0x000001e8073f5740, 0x000001e8073f5a80]
Event: 112.878 Thread 0x000001e816728340 13767   !   2       org.eclipse.jdt.internal.core.PackageFragmentRoot::getSourceMapper (67 bytes)
Event: 112.879 Thread 0x000001e816728340 nmethod 13767 0x000001e8073f5d10 code [0x000001e8073f5f20, 0x000001e8073f6258]
Event: 112.879 Thread 0x000001e816728340 13769       1       org.eclipse.jdt.internal.compiler.ASTVisitor::visit (2 bytes)
Event: 112.879 Thread 0x000001e816728340 nmethod 13769 0x000001e80d9f7c10 code [0x000001e80d9f7da0, 0x000001e80d9f7e68]
Event: 112.879 Thread 0x000001e816728340 13770       1       org.eclipse.jdt.internal.compiler.ASTVisitor::visit (2 bytes)
Event: 112.879 Thread 0x000001e816728340 nmethod 13770 0x000001e80d9f7f10 code [0x000001e80d9f80a0, 0x000001e80d9f8168]
Event: 112.879 Thread 0x000001e816728340 13768       2       org.eclipse.jdt.internal.compiler.parser.Parser::goForMemberValue (16 bytes)
Event: 112.880 Thread 0x000001e816728340 nmethod 13768 0x000001e8073f6590 code [0x000001e8073f6720, 0x000001e8073f6858]
Event: 112.895 Thread 0x000001e816728340 13771       2       org.eclipse.jdt.internal.core.ImportDeclarationElementInfo::getDeclarationSourceStart (5 bytes)
Event: 112.895 Thread 0x000001e816728340 nmethod 13771 0x000001e8073f6910 code [0x000001e8073f6aa0, 0x000001e8073f6ba8]
Event: 112.895 Thread 0x000001e816728340 13772       2       org.eclipse.jdt.internal.core.ImportDeclarationElementInfo::getDeclarationSourceEnd (5 bytes)
Event: 112.895 Thread 0x000001e816728340 nmethod 13772 0x000001e8073f6c90 code [0x000001e8073f6e20, 0x000001e8073f6f28]
Event: 112.899 Thread 0x000001e816728340 13773       2       org.eclipse.jdt.internal.compiler.lookup.Scope::enclosingTopMostClassScope (42 bytes)
Event: 112.900 Thread 0x000001e816728340 nmethod 13773 0x000001e8073f7010 code [0x000001e8073f71c0, 0x000001e8073f7448]
Event: 112.944 Thread 0x000001e816728340 13774       2       org.eclipse.jdt.internal.compiler.lookup.TypeSystem::<init> (59 bytes)
Event: 112.945 Thread 0x000001e816728340 nmethod 13774 0x000001e8073f7590 code [0x000001e8073f7780, 0x000001e8073f7b80]

GC Heap History (20 events):
Event: 110.580 GC heap before
{Heap before GC invocations=448 (full 3):
 PSYoungGen      total 13312K, used 13264K [0x00000000eab00000, 0x00000000eba00000, 0x0000000100000000)
  eden space 12800K, 100% used [0x00000000eab00000,0x00000000eb780000,0x00000000eb780000)
  from space 512K, 90% used [0x00000000eb980000,0x00000000eb9f4010,0x00000000eba00000)
  to   space 512K, 0% used [0x00000000eb900000,0x00000000eb900000,0x00000000eb980000)
 ParOldGen       total 529920K, used 529843K [0x00000000c0000000, 0x00000000e0580000, 0x00000000eab00000)
  object space 529920K, 99% used [0x00000000c0000000,0x00000000e056cda8,0x00000000e0580000)
 Metaspace       used 70609K, committed 72064K, reserved 1114112K
  class space    used 7116K, committed 7744K, reserved 1048576K
}
Event: 110.584 GC heap after
{Heap after GC invocations=448 (full 3):
 PSYoungGen      total 13312K, used 320K [0x00000000eab00000, 0x00000000eba00000, 0x0000000100000000)
  eden space 12800K, 0% used [0x00000000eab00000,0x00000000eab00000,0x00000000eb780000)
  from space 512K, 62% used [0x00000000eb900000,0x00000000eb950000,0x00000000eb980000)
  to   space 512K, 0% used [0x00000000eb980000,0x00000000eb980000,0x00000000eba00000)
 ParOldGen       total 529920K, used 529891K [0x00000000c0000000, 0x00000000e0580000, 0x00000000eab00000)
  object space 529920K, 99% used [0x00000000c0000000,0x00000000e0578da8,0x00000000e0580000)
 Metaspace       used 70609K, committed 72064K, reserved 1114112K
  class space    used 7116K, committed 7744K, reserved 1048576K
}
Event: 110.733 GC heap before
{Heap before GC invocations=449 (full 3):
 PSYoungGen      total 13312K, used 13120K [0x00000000eab00000, 0x00000000eba00000, 0x0000000100000000)
  eden space 12800K, 100% used [0x00000000eab00000,0x00000000eb780000,0x00000000eb780000)
  from space 512K, 62% used [0x00000000eb900000,0x00000000eb950000,0x00000000eb980000)
  to   space 512K, 0% used [0x00000000eb980000,0x00000000eb980000,0x00000000eba00000)
 ParOldGen       total 529920K, used 529891K [0x00000000c0000000, 0x00000000e0580000, 0x00000000eab00000)
  object space 529920K, 99% used [0x00000000c0000000,0x00000000e0578da8,0x00000000e0580000)
 Metaspace       used 70670K, committed 72128K, reserved 1114112K
  class space    used 7116K, committed 7744K, reserved 1048576K
}
Event: 110.734 GC heap after
{Heap after GC invocations=449 (full 3):
 PSYoungGen      total 13312K, used 128K [0x00000000eab00000, 0x00000000eba00000, 0x0000000100000000)
  eden space 12800K, 0% used [0x00000000eab00000,0x00000000eab00000,0x00000000eb780000)
  from space 512K, 25% used [0x00000000eb980000,0x00000000eb9a0000,0x00000000eba00000)
  to   space 512K, 0% used [0x00000000eb900000,0x00000000eb900000,0x00000000eb980000)
 ParOldGen       total 530432K, used 529931K [0x00000000c0000000, 0x00000000e0600000, 0x00000000eab00000)
  object space 530432K, 99% used [0x00000000c0000000,0x00000000e0582da8,0x00000000e0600000)
 Metaspace       used 70670K, committed 72128K, reserved 1114112K
  class space    used 7116K, committed 7744K, reserved 1048576K
}
Event: 110.889 GC heap before
{Heap before GC invocations=450 (full 3):
 PSYoungGen      total 13312K, used 12928K [0x00000000eab00000, 0x00000000eba00000, 0x0000000100000000)
  eden space 12800K, 100% used [0x00000000eab00000,0x00000000eb780000,0x00000000eb780000)
  from space 512K, 25% used [0x00000000eb980000,0x00000000eb9a0000,0x00000000eba00000)
  to   space 512K, 0% used [0x00000000eb900000,0x00000000eb900000,0x00000000eb980000)
 ParOldGen       total 530432K, used 529931K [0x00000000c0000000, 0x00000000e0600000, 0x00000000eab00000)
  object space 530432K, 99% used [0x00000000c0000000,0x00000000e0582da8,0x00000000e0600000)
 Metaspace       used 70689K, committed 72128K, reserved 1114112K
  class space    used 7117K, committed 7744K, reserved 1048576K
}
Event: 110.890 GC heap after
{Heap after GC invocations=450 (full 3):
 PSYoungGen      total 13312K, used 160K [0x00000000eab00000, 0x00000000eba00000, 0x0000000100000000)
  eden space 12800K, 0% used [0x00000000eab00000,0x00000000eab00000,0x00000000eb780000)
  from space 512K, 31% used [0x00000000eb900000,0x00000000eb928000,0x00000000eb980000)
  to   space 512K, 0% used [0x00000000eb980000,0x00000000eb980000,0x00000000eba00000)
 ParOldGen       total 530432K, used 529955K [0x00000000c0000000, 0x00000000e0600000, 0x00000000eab00000)
  object space 530432K, 99% used [0x00000000c0000000,0x00000000e0588da8,0x00000000e0600000)
 Metaspace       used 70689K, committed 72128K, reserved 1114112K
  class space    used 7117K, committed 7744K, reserved 1048576K
}
Event: 111.197 GC heap before
{Heap before GC invocations=451 (full 3):
 PSYoungGen      total 13312K, used 12959K [0x00000000eab00000, 0x00000000eba00000, 0x0000000100000000)
  eden space 12800K, 99% used [0x00000000eab00000,0x00000000eb77ffb0,0x00000000eb780000)
  from space 512K, 31% used [0x00000000eb900000,0x00000000eb928000,0x00000000eb980000)
  to   space 512K, 0% used [0x00000000eb980000,0x00000000eb980000,0x00000000eba00000)
 ParOldGen       total 530432K, used 529955K [0x00000000c0000000, 0x00000000e0600000, 0x00000000eab00000)
  object space 530432K, 99% used [0x00000000c0000000,0x00000000e0588da8,0x00000000e0600000)
 Metaspace       used 70732K, committed 72192K, reserved 1114112K
  class space    used 7117K, committed 7744K, reserved 1048576K
}
Event: 111.200 GC heap after
{Heap after GC invocations=451 (full 3):
 PSYoungGen      total 13312K, used 192K [0x00000000eab00000, 0x00000000eba00000, 0x0000000100000000)
  eden space 12800K, 0% used [0x00000000eab00000,0x00000000eab00000,0x00000000eb780000)
  from space 512K, 37% used [0x00000000eb980000,0x00000000eb9b0000,0x00000000eba00000)
  to   space 512K, 0% used [0x00000000eb900000,0x00000000eb900000,0x00000000eb980000)
 ParOldGen       total 530432K, used 529995K [0x00000000c0000000, 0x00000000e0600000, 0x00000000eab00000)
  object space 530432K, 99% used [0x00000000c0000000,0x00000000e0592da8,0x00000000e0600000)
 Metaspace       used 70732K, committed 72192K, reserved 1114112K
  class space    used 7117K, committed 7744K, reserved 1048576K
}
Event: 111.869 GC heap before
{Heap before GC invocations=452 (full 3):
 PSYoungGen      total 13312K, used 12992K [0x00000000eab00000, 0x00000000eba00000, 0x0000000100000000)
  eden space 12800K, 100% used [0x00000000eab00000,0x00000000eb780000,0x00000000eb780000)
  from space 512K, 37% used [0x00000000eb980000,0x00000000eb9b0000,0x00000000eba00000)
  to   space 512K, 0% used [0x00000000eb900000,0x00000000eb900000,0x00000000eb980000)
 ParOldGen       total 530432K, used 529995K [0x00000000c0000000, 0x00000000e0600000, 0x00000000eab00000)
  object space 530432K, 99% used [0x00000000c0000000,0x00000000e0592da8,0x00000000e0600000)
 Metaspace       used 70792K, committed 72192K, reserved 1114112K
  class space    used 7119K, committed 7744K, reserved 1048576K
}
Event: 111.872 GC heap after
{Heap after GC invocations=452 (full 3):
 PSYoungGen      total 13312K, used 176K [0x00000000eab00000, 0x00000000eba00000, 0x0000000100000000)
  eden space 12800K, 0% used [0x00000000eab00000,0x00000000eab00000,0x00000000eb780000)
  from space 512K, 34% used [0x00000000eb900000,0x00000000eb92c010,0x00000000eb980000)
  to   space 512K, 0% used [0x00000000eb980000,0x00000000eb980000,0x00000000eba00000)
 ParOldGen       total 530432K, used 530035K [0x00000000c0000000, 0x00000000e0600000, 0x00000000eab00000)
  object space 530432K, 99% used [0x00000000c0000000,0x00000000e059cda8,0x00000000e0600000)
 Metaspace       used 70792K, committed 72192K, reserved 1114112K
  class space    used 7119K, committed 7744K, reserved 1048576K
}
Event: 111.994 GC heap before
{Heap before GC invocations=453 (full 3):
 PSYoungGen      total 13312K, used 12976K [0x00000000eab00000, 0x00000000eba00000, 0x0000000100000000)
  eden space 12800K, 99% used [0x00000000eab00000,0x00000000eb77fff0,0x00000000eb780000)
  from space 512K, 34% used [0x00000000eb900000,0x00000000eb92c010,0x00000000eb980000)
  to   space 512K, 0% used [0x00000000eb980000,0x00000000eb980000,0x00000000eba00000)
 ParOldGen       total 530432K, used 530035K [0x00000000c0000000, 0x00000000e0600000, 0x00000000eab00000)
  object space 530432K, 99% used [0x00000000c0000000,0x00000000e059cda8,0x00000000e0600000)
 Metaspace       used 70803K, committed 72192K, reserved 1114112K
  class space    used 7119K, committed 7744K, reserved 1048576K
}
Event: 111.995 GC heap after
{Heap after GC invocations=453 (full 3):
 PSYoungGen      total 13312K, used 272K [0x00000000eab00000, 0x00000000eba00000, 0x0000000100000000)
  eden space 12800K, 0% used [0x00000000eab00000,0x00000000eab00000,0x00000000eb780000)
  from space 512K, 53% used [0x00000000eb980000,0x00000000eb9c4010,0x00000000eba00000)
  to   space 512K, 0% used [0x00000000eb900000,0x00000000eb900000,0x00000000eb980000)
 ParOldGen       total 530432K, used 530067K [0x00000000c0000000, 0x00000000e0600000, 0x00000000eab00000)
  object space 530432K, 99% used [0x00000000c0000000,0x00000000e05a4da8,0x00000000e0600000)
 Metaspace       used 70803K, committed 72192K, reserved 1114112K
  class space    used 7119K, committed 7744K, reserved 1048576K
}
Event: 112.224 GC heap before
{Heap before GC invocations=454 (full 3):
 PSYoungGen      total 13312K, used 13072K [0x00000000eab00000, 0x00000000eba00000, 0x0000000100000000)
  eden space 12800K, 99% used [0x00000000eab00000,0x00000000eb77fff0,0x00000000eb780000)
  from space 512K, 53% used [0x00000000eb980000,0x00000000eb9c4010,0x00000000eba00000)
  to   space 512K, 0% used [0x00000000eb900000,0x00000000eb900000,0x00000000eb980000)
 ParOldGen       total 530432K, used 530067K [0x00000000c0000000, 0x00000000e0600000, 0x00000000eab00000)
  object space 530432K, 99% used [0x00000000c0000000,0x00000000e05a4da8,0x00000000e0600000)
 Metaspace       used 70819K, committed 72256K, reserved 1114112K
  class space    used 7119K, committed 7744K, reserved 1048576K
}
Event: 112.226 GC heap after
{Heap after GC invocations=454 (full 3):
 PSYoungGen      total 13312K, used 320K [0x00000000eab00000, 0x00000000eba00000, 0x0000000100000000)
  eden space 12800K, 0% used [0x00000000eab00000,0x00000000eab00000,0x00000000eb780000)
  from space 512K, 62% used [0x00000000eb900000,0x00000000eb950000,0x00000000eb980000)
  to   space 512K, 0% used [0x00000000eb980000,0x00000000eb980000,0x00000000eba00000)
 ParOldGen       total 530432K, used 530091K [0x00000000c0000000, 0x00000000e0600000, 0x00000000eab00000)
  object space 530432K, 99% used [0x00000000c0000000,0x00000000e05aada8,0x00000000e0600000)
 Metaspace       used 70819K, committed 72256K, reserved 1114112K
  class space    used 7119K, committed 7744K, reserved 1048576K
}
Event: 112.410 GC heap before
{Heap before GC invocations=455 (full 3):
 PSYoungGen      total 13312K, used 13120K [0x00000000eab00000, 0x00000000eba00000, 0x0000000100000000)
  eden space 12800K, 100% used [0x00000000eab00000,0x00000000eb780000,0x00000000eb780000)
  from space 512K, 62% used [0x00000000eb900000,0x00000000eb950000,0x00000000eb980000)
  to   space 512K, 0% used [0x00000000eb980000,0x00000000eb980000,0x00000000eba00000)
 ParOldGen       total 530432K, used 530091K [0x00000000c0000000, 0x00000000e0600000, 0x00000000eab00000)
  object space 530432K, 99% used [0x00000000c0000000,0x00000000e05aada8,0x00000000e0600000)
 Metaspace       used 70835K, committed 72256K, reserved 1114112K
  class space    used 7119K, committed 7744K, reserved 1048576K
}
Event: 112.415 GC heap after
{Heap after GC invocations=455 (full 3):
 PSYoungGen      total 13312K, used 512K [0x00000000eab00000, 0x00000000eba00000, 0x0000000100000000)
  eden space 12800K, 0% used [0x00000000eab00000,0x00000000eab00000,0x00000000eb780000)
  from space 512K, 100% used [0x00000000eb980000,0x00000000eba00000,0x00000000eba00000)
  to   space 1024K, 0% used [0x00000000eb800000,0x00000000eb800000,0x00000000eb900000)
 ParOldGen       total 530944K, used 530457K [0x00000000c0000000, 0x00000000e0680000, 0x00000000eab00000)
  object space 530944K, 99% used [0x00000000c0000000,0x00000000e0606580,0x00000000e0680000)
 Metaspace       used 70835K, committed 72256K, reserved 1114112K
  class space    used 7119K, committed 7744K, reserved 1048576K
}
Event: 112.643 GC heap before
{Heap before GC invocations=456 (full 3):
 PSYoungGen      total 13312K, used 13312K [0x00000000eab00000, 0x00000000eba00000, 0x0000000100000000)
  eden space 12800K, 100% used [0x00000000eab00000,0x00000000eb780000,0x00000000eb780000)
  from space 512K, 100% used [0x00000000eb980000,0x00000000eba00000,0x00000000eba00000)
  to   space 1024K, 0% used [0x00000000eb800000,0x00000000eb800000,0x00000000eb900000)
 ParOldGen       total 530944K, used 530457K [0x00000000c0000000, 0x00000000e0680000, 0x00000000eab00000)
  object space 530944K, 99% used [0x00000000c0000000,0x00000000e0606580,0x00000000e0680000)
 Metaspace       used 70852K, committed 72320K, reserved 1114112K
  class space    used 7119K, committed 7744K, reserved 1048576K
}
Event: 112.646 GC heap after
{Heap after GC invocations=456 (full 3):
 PSYoungGen      total 13824K, used 464K [0x00000000eab00000, 0x00000000eba00000, 0x0000000100000000)
  eden space 12800K, 0% used [0x00000000eab00000,0x00000000eab00000,0x00000000eb780000)
  from space 1024K, 45% used [0x00000000eb800000,0x00000000eb874010,0x00000000eb900000)
  to   space 1024K, 0% used [0x00000000eb900000,0x00000000eb900000,0x00000000eba00000)
 ParOldGen       total 531456K, used 530957K [0x00000000c0000000, 0x00000000e0700000, 0x00000000eab00000)
  object space 531456K, 99% used [0x00000000c0000000,0x00000000e0683450,0x00000000e0700000)
 Metaspace       used 70852K, committed 72320K, reserved 1114112K
  class space    used 7119K, committed 7744K, reserved 1048576K
}
Event: 112.882 GC heap before
{Heap before GC invocations=457 (full 3):
 PSYoungGen      total 13824K, used 13264K [0x00000000eab00000, 0x00000000eba00000, 0x0000000100000000)
  eden space 12800K, 99% used [0x00000000eab00000,0x00000000eb77fff8,0x00000000eb780000)
  from space 1024K, 45% used [0x00000000eb800000,0x00000000eb874010,0x00000000eb900000)
  to   space 1024K, 0% used [0x00000000eb900000,0x00000000eb900000,0x00000000eba00000)
 ParOldGen       total 531456K, used 530957K [0x00000000c0000000, 0x00000000e0700000, 0x00000000eab00000)
  object space 531456K, 99% used [0x00000000c0000000,0x00000000e0683450,0x00000000e0700000)
 Metaspace       used 70884K, committed 72320K, reserved 1114112K
  class space    used 7119K, committed 7744K, reserved 1048576K
}
Event: 112.886 GC heap after
{Heap after GC invocations=457 (full 3):
 PSYoungGen      total 13312K, used 160K [0x00000000eab00000, 0x00000000eb980000, 0x0000000100000000)
  eden space 12800K, 0% used [0x00000000eab00000,0x00000000eab00000,0x00000000eb780000)
  from space 512K, 31% used [0x00000000eb900000,0x00000000eb928000,0x00000000eb980000)
  to   space 512K, 0% used [0x00000000eb880000,0x00000000eb880000,0x00000000eb900000)
 ParOldGen       total 531456K, used 530997K [0x00000000c0000000, 0x00000000e0700000, 0x00000000eab00000)
  object space 531456K, 99% used [0x00000000c0000000,0x00000000e068d450,0x00000000e0700000)
 Metaspace       used 70884K, committed 72320K, reserved 1114112K
  class space    used 7119K, committed 7744K, reserved 1048576K
}

Dll operation events (14 events):
Event: 0.095 Loaded shared library c:\Users\kwize\.cursor\extensions\redhat.java-1.41.1-win32-x64\jre\21.0.6-win32-x86_64\bin\java.dll
Event: 0.454 Loaded shared library c:\Users\kwize\.cursor\extensions\redhat.java-1.41.1-win32-x64\jre\21.0.6-win32-x86_64\bin\zip.dll
Event: 0.830 Loaded shared library C:\Users\kwize\.cursor\extensions\redhat.java-1.41.1-win32-x64\jre\21.0.6-win32-x86_64\bin\instrument.dll
Event: 0.855 Loaded shared library C:\Users\kwize\.cursor\extensions\redhat.java-1.41.1-win32-x64\jre\21.0.6-win32-x86_64\bin\net.dll
Event: 0.860 Loaded shared library C:\Users\kwize\.cursor\extensions\redhat.java-1.41.1-win32-x64\jre\21.0.6-win32-x86_64\bin\nio.dll
Event: 0.891 Loaded shared library C:\Users\kwize\.cursor\extensions\redhat.java-1.41.1-win32-x64\jre\21.0.6-win32-x86_64\bin\zip.dll
Event: 0.999 Loaded shared library C:\Users\kwize\.cursor\extensions\redhat.java-1.41.1-win32-x64\jre\21.0.6-win32-x86_64\bin\jimage.dll
Event: 1.447 Loaded shared library c:\Users\kwize\.cursor\extensions\redhat.java-1.41.1-win32-x64\jre\21.0.6-win32-x86_64\bin\verify.dll
Event: 9.879 Loaded shared library C:\Users\kwize\AppData\Roaming\Cursor\User\globalStorage\redhat.java\1.41.1\config_win\org.eclipse.equinox.launcher\org.eclipse.equinox.launcher.win32.win32.x86_64_1.2.1300.v20250331-1702\eclipse_11911.dll
Event: 23.901 Loaded shared library C:\Users\kwize\.cursor\extensions\redhat.java-1.41.1-win32-x64\jre\21.0.6-win32-x86_64\bin\management.dll
Event: 23.911 Loaded shared library C:\Users\kwize\.cursor\extensions\redhat.java-1.41.1-win32-x64\jre\21.0.6-win32-x86_64\bin\management_ext.dll
Event: 32.481 Loaded shared library C:\Users\kwize\AppData\Local\Temp\jna-102466664\jna12887772414610654191.dll
Event: 32.983 Loaded shared library C:\Users\kwize\.cursor\extensions\redhat.java-1.41.1-win32-x64\jre\21.0.6-win32-x86_64\bin\sunmscapi.dll
Event: 35.033 Loaded shared library C:\Users\kwize\.cursor\extensions\redhat.java-1.41.1-win32-x64\jre\21.0.6-win32-x86_64\bin\extnet.dll

Deoptimization events (20 events):
Event: 109.060 Thread 0x000001e85d653a30 Uncommon trap: trap_request=0xffffff66 fr.pc=0x000001e80d96774c relative=0x000000000000016c
Event: 109.060 Thread 0x000001e85d653a30 Uncommon trap: reason=speculate_class_check action=maybe_recompile pc=0x000001e80d96774c method=org.eclipse.jdt.internal.compiler.ast.TypeReference.getAnnotationsOnDimensions()[[Lorg/eclipse/jdt/internal/compiler/ast/Annotation; @ 2 c2
Event: 109.061 Thread 0x000001e85d653a30 DEOPT PACKING pc=0x000001e80d96774c sp=0x00000055151fe060
Event: 109.061 Thread 0x000001e85d653a30 DEOPT UNPACKING pc=0x000001e80caf3aa2 sp=0x00000055151fdf70 mode 2
Event: 109.364 Thread 0x000001e85d6533a0 DEOPT PACKING pc=0x000001e806a6b577 sp=0x0000005514ffe620
Event: 109.364 Thread 0x000001e85d6533a0 DEOPT UNPACKING pc=0x000001e80caf4242 sp=0x0000005514ffdaf0 mode 0
Event: 109.826 Thread 0x000001e85dfe2740 DEOPT PACKING pc=0x000001e806fe23b0 sp=0x0000005517afeae0
Event: 109.827 Thread 0x000001e85dfe2740 DEOPT UNPACKING pc=0x000001e80caf4242 sp=0x0000005517afdf70 mode 0
Event: 110.414 Thread 0x000001e85fef26b0 DEOPT PACKING pc=0x000001e8069a0c4f sp=0x0000005516efde70
Event: 110.415 Thread 0x000001e85fef26b0 DEOPT UNPACKING pc=0x000001e80caf4242 sp=0x0000005516efd328 mode 0
Event: 110.532 Thread 0x000001e85dfe2740 Uncommon trap: trap_request=0xffffff6e fr.pc=0x000001e80d9bf30c relative=0x000000000000118c
Event: 110.532 Thread 0x000001e85dfe2740 Uncommon trap: reason=loop_limit_check action=maybe_recompile pc=0x000001e80d9bf30c method=org.eclipse.jdt.core.dom.DefaultCommentMapper.storeLeadingComments(Lorg/eclipse/jdt/core/dom/ASTNode;I[I)I @ 246 c2
Event: 110.532 Thread 0x000001e85dfe2740 DEOPT PACKING pc=0x000001e80d9bf30c sp=0x0000005517afde40
Event: 110.532 Thread 0x000001e85dfe2740 DEOPT UNPACKING pc=0x000001e80caf3aa2 sp=0x0000005517afdd98 mode 2
Event: 110.812 Thread 0x000001e85d655470 DEOPT PACKING pc=0x000001e8069a0c4f sp=0x00000055157fd800
Event: 110.812 Thread 0x000001e85d655470 DEOPT UNPACKING pc=0x000001e80caf4242 sp=0x00000055157fccb8 mode 0
Event: 111.039 Thread 0x000001e85feef230 Uncommon trap: trap_request=0xffffff6e fr.pc=0x000001e80d9d740c relative=0x000000000000018c
Event: 111.039 Thread 0x000001e85feef230 Uncommon trap: reason=loop_limit_check action=maybe_recompile pc=0x000001e80d9d740c method=org.eclipse.jdt.internal.compiler.lookup.BinaryTypeBinding.createMethods([Lorg/eclipse/jdt/internal/compiler/env/IBinaryMethod;Lorg/eclipse/jdt/internal/compiler/en
Event: 111.039 Thread 0x000001e85feef230 DEOPT PACKING pc=0x000001e80d9d740c sp=0x00000055172fca40
Event: 111.039 Thread 0x000001e85feef230 DEOPT UNPACKING pc=0x000001e80caf3aa2 sp=0x00000055172fc9f8 mode 2

Classes loaded (20 events):
Event: 102.153 Loading class java/util/stream/Nodes$IntArrayNode done
Event: 102.153 Loading class java/util/stream/Nodes$IntFixedNodeBuilder done
Event: 102.158 Loading class java/util/stream/ReferencePipeline$4$1
Event: 102.159 Loading class java/util/stream/ReferencePipeline$4$1 done
Event: 103.162 Loading class java/util/zip/GZIPInputStream$1
Event: 103.162 Loading class java/util/zip/GZIPInputStream$1 done
Event: 105.255 Loading class java/util/stream/DistinctOps
Event: 105.256 Loading class java/util/stream/DistinctOps done
Event: 105.256 Loading class java/util/stream/DistinctOps$1
Event: 105.257 Loading class java/util/stream/DistinctOps$1 done
Event: 105.268 Loading class java/util/stream/DistinctOps$1$2
Event: 105.268 Loading class java/util/stream/DistinctOps$1$2 done
Event: 105.273 Loading class java/lang/Throwable$WrappedPrintWriter
Event: 105.274 Loading class java/lang/Throwable$PrintStreamOrWriter
Event: 105.274 Loading class java/lang/Throwable$PrintStreamOrWriter done
Event: 105.274 Loading class java/lang/Throwable$WrappedPrintWriter done
Event: 106.313 Loading class java/util/LinkedList$LLSpliterator
Event: 106.313 Loading class java/util/LinkedList$LLSpliterator done
Event: 106.333 Loading class javax/xml/transform/TransformerConfigurationException
Event: 106.334 Loading class javax/xml/transform/TransformerConfigurationException done

Classes unloaded (14 events):
Event: 27.933 Thread 0x000001e80243eac0 Unloading class 0x000001e8181f9000 'java/lang/invoke/LambdaForm$MH+0x000001e8181f9000'
Event: 27.933 Thread 0x000001e80243eac0 Unloading class 0x000001e81819c400 'java/lang/invoke/LambdaForm$MH+0x000001e81819c400'
Event: 27.933 Thread 0x000001e80243eac0 Unloading class 0x000001e81819c000 'java/lang/invoke/LambdaForm$MH+0x000001e81819c000'
Event: 27.933 Thread 0x000001e80243eac0 Unloading class 0x000001e81819bc00 'java/lang/invoke/LambdaForm$MH+0x000001e81819bc00'
Event: 27.933 Thread 0x000001e80243eac0 Unloading class 0x000001e81819b800 'java/lang/invoke/LambdaForm$MH+0x000001e81819b800'
Event: 27.933 Thread 0x000001e80243eac0 Unloading class 0x000001e81819b400 'java/lang/invoke/LambdaForm$BMH+0x000001e81819b400'
Event: 27.933 Thread 0x000001e80243eac0 Unloading class 0x000001e81819b000 'java/lang/invoke/LambdaForm$DMH+0x000001e81819b000'
Event: 27.933 Thread 0x000001e80243eac0 Unloading class 0x000001e818199c00 'java/lang/invoke/LambdaForm$DMH+0x000001e818199c00'
Event: 32.736 Thread 0x000001e80243eac0 Unloading class 0x000001e8182b2800 'java/lang/invoke/LambdaForm$MH+0x000001e8182b2800'
Event: 32.736 Thread 0x000001e80243eac0 Unloading class 0x000001e8182b1c00 'java/lang/invoke/LambdaForm$MH+0x000001e8182b1c00'
Event: 32.736 Thread 0x000001e80243eac0 Unloading class 0x000001e8182b1800 'java/lang/invoke/LambdaForm$MH+0x000001e8182b1800'
Event: 32.736 Thread 0x000001e80243eac0 Unloading class 0x000001e8182b0c00 'java/lang/invoke/LambdaForm$MH+0x000001e8182b0c00'
Event: 32.736 Thread 0x000001e80243eac0 Unloading class 0x000001e8182b0800 'java/lang/invoke/LambdaForm$DMH+0x000001e8182b0800'
Event: 32.736 Thread 0x000001e80243eac0 Unloading class 0x000001e8182abc00 'java/lang/invoke/LambdaForm$MH+0x000001e8182abc00'

Classes redefined (0 events):
No events

Internal exceptions (20 events):
Event: 103.772 Thread 0x000001e85fef4e10 Implicit null exception at 0x000001e80d1f0c09 to 0x000001e80d1f0d1c
Event: 103.774 Thread 0x000001e85fef4e10 Implicit null exception at 0x000001e80d26db60 to 0x000001e80d26dc31
Event: 104.591 Thread 0x000001e85fef4e10 Exception <a 'sun/nio/fs/WindowsException'{0x00000000eb304ba8}> (0x00000000eb304ba8) 
thrown [s\src\hotspot\share\prims\jni.cpp, line 520]
Event: 104.592 Thread 0x000001e85fef4e10 Exception <a 'sun/nio/fs/WindowsException'{0x00000000eb3ada38}> (0x00000000eb3ada38) 
thrown [s\src\hotspot\share\prims\jni.cpp, line 520]
Event: 104.593 Thread 0x000001e85fef4e10 Exception <a 'sun/nio/fs/WindowsException'{0x00000000eb3b8f10}> (0x00000000eb3b8f10) 
thrown [s\src\hotspot\share\prims\jni.cpp, line 520]
Event: 104.593 Thread 0x000001e85fef4e10 Exception <a 'sun/nio/fs/WindowsException'{0x00000000eb3dedd8}> (0x00000000eb3dedd8) 
thrown [s\src\hotspot\share\prims\jni.cpp, line 520]
Event: 104.604 Thread 0x000001e85fef4e10 Exception <a 'sun/nio/fs/WindowsException'{0x00000000eab23ec0}> (0x00000000eab23ec0) 
thrown [s\src\hotspot\share\prims\jni.cpp, line 520]
Event: 104.604 Thread 0x000001e85fef4e10 Exception <a 'sun/nio/fs/WindowsException'{0x00000000eab28f48}> (0x00000000eab28f48) 
thrown [s\src\hotspot\share\prims\jni.cpp, line 520]
Event: 105.155 Thread 0x000001e85de2db00 Exception <a 'java/lang/IncompatibleClassChangeError'{0x00000000eb64d608}: Found class java.lang.Object, but interface was expected> (0x00000000eb64d608) 
thrown [s\src\hotspot\share\interpreter\linkResolver.cpp, line 840]
Event: 105.349 Thread 0x000001e85de2db00 Implicit null exception at 0x000001e80d7c386a to 0x000001e80d7c3cb8
Event: 105.573 Thread 0x000001e85de2db00 Exception <a 'java/lang/IncompatibleClassChangeError'{0x00000000eab51b90}: Found class java.lang.Object, but interface was expected> (0x00000000eab51b90) 
thrown [s\src\hotspot\share\interpreter\linkResolver.cpp, line 840]
Event: 105.702 Thread 0x000001e85de33d70 Exception <a 'java/lang/NoSuchMethodError'{0x00000000ead34e10}: 'java.lang.Object java.lang.invoke.DirectMethodHandle$Holder.newInvokeSpecial(java.lang.Object, java.lang.Object, java.lang.Object, java.lang.Object, int)'> (0x00000000ead34e10) 
thrown [s\src\hotspot\share\interpreter\linkResolver.cpp, line 773]
Event: 105.703 Thread 0x000001e85de33d70 Exception <a 'java/lang/NoSuchMethodError'{0x00000000ead396b0}: 'java.lang.Object java.lang.invoke.DirectMethodHandle$Holder.invokeSpecial(java.lang.Object, java.lang.Object, java.lang.Object, java.lang.Object, java.lang.Object, int)'> (0x00000000ead396b0) 
thrown [s\src\hotspot\share\interpreter\linkResolver.cpp, line 773]
Event: 105.703 Thread 0x000001e85de33d70 Exception <a 'java/lang/NoSuchMethodError'{0x00000000ead3d608}: 'java.lang.Object java.lang.invoke.Invokers$Holder.linkToTargetMethod(java.lang.Object, java.lang.Object, java.lang.Object, int, java.lang.Object)'> (0x00000000ead3d608) 
thrown [s\src\hotspot\share\interpreter\linkResolver.cpp, line 773]
Event: 105.904 Thread 0x000001e85fef2020 Exception <a 'sun/nio/fs/WindowsException'{0x00000000eab03080}> (0x00000000eab03080) 
thrown [s\src\hotspot\share\prims\jni.cpp, line 520]
Event: 105.904 Thread 0x000001e85fef2020 Exception <a 'sun/nio/fs/WindowsException'{0x00000000eab03988}> (0x00000000eab03988) 
thrown [s\src\hotspot\share\prims\jni.cpp, line 520]
Event: 105.905 Thread 0x000001e85fef2020 Exception <a 'sun/nio/fs/WindowsException'{0x00000000eaf956e0}> (0x00000000eaf956e0) 
thrown [s\src\hotspot\share\prims\jni.cpp, line 520]
Event: 105.905 Thread 0x000001e85fef2020 Exception <a 'sun/nio/fs/WindowsException'{0x00000000eaf95fc8}> (0x00000000eaf95fc8) 
thrown [s\src\hotspot\share\prims\jni.cpp, line 520]
Event: 105.906 Thread 0x000001e85fef2020 Exception <a 'sun/nio/fs/WindowsException'{0x00000000eaf97638}> (0x00000000eaf97638) 
thrown [s\src\hotspot\share\prims\jni.cpp, line 520]
Event: 105.907 Thread 0x000001e85fef2020 Exception <a 'sun/nio/fs/WindowsException'{0x00000000eaf97f20}> (0x00000000eaf97f20) 
thrown [s\src\hotspot\share\prims\jni.cpp, line 520]

ZGC Phase Switch (0 events):
No events

VM Operations (20 events):
Event: 110.578 Executing VM operation: ParallelGCFailedAllocation (Allocation Failure)
Event: 110.584 Executing VM operation: ParallelGCFailedAllocation (Allocation Failure) done
Event: 110.732 Executing VM operation: ParallelGCFailedAllocation (Allocation Failure)
Event: 110.734 Executing VM operation: ParallelGCFailedAllocation (Allocation Failure) done
Event: 110.888 Executing VM operation: ParallelGCFailedAllocation (Allocation Failure)
Event: 110.890 Executing VM operation: ParallelGCFailedAllocation (Allocation Failure) done
Event: 111.197 Executing VM operation: ParallelGCFailedAllocation (Allocation Failure)
Event: 111.200 Executing VM operation: ParallelGCFailedAllocation (Allocation Failure) done
Event: 111.869 Executing VM operation: ParallelGCFailedAllocation (Allocation Failure)
Event: 111.872 Executing VM operation: ParallelGCFailedAllocation (Allocation Failure) done
Event: 111.993 Executing VM operation: ParallelGCFailedAllocation (Allocation Failure)
Event: 111.996 Executing VM operation: ParallelGCFailedAllocation (Allocation Failure) done
Event: 112.224 Executing VM operation: ParallelGCFailedAllocation (Allocation Failure)
Event: 112.226 Executing VM operation: ParallelGCFailedAllocation (Allocation Failure) done
Event: 112.410 Executing VM operation: ParallelGCFailedAllocation (Allocation Failure)
Event: 112.415 Executing VM operation: ParallelGCFailedAllocation (Allocation Failure) done
Event: 112.640 Executing VM operation: ParallelGCFailedAllocation (Allocation Failure)
Event: 112.646 Executing VM operation: ParallelGCFailedAllocation (Allocation Failure) done
Event: 112.882 Executing VM operation: ParallelGCFailedAllocation (Allocation Failure)
Event: 112.886 Executing VM operation: ParallelGCFailedAllocation (Allocation Failure) done

Memory protections (0 events):
No events

Nmethod flushes (20 events):
Event: 52.027 Thread 0x000001e80243eac0 flushing  nmethod 0x000001e805e5ab10
Event: 52.027 Thread 0x000001e80243eac0 flushing  nmethod 0x000001e805e61010
Event: 52.027 Thread 0x000001e80243eac0 flushing  nmethod 0x000001e805e95f10
Event: 52.027 Thread 0x000001e80243eac0 flushing  nmethod 0x000001e805ea0090
Event: 52.027 Thread 0x000001e80243eac0 flushing  nmethod 0x000001e805eb2f10
Event: 52.027 Thread 0x000001e80243eac0 flushing  nmethod 0x000001e805eb3a10
Event: 52.027 Thread 0x000001e80243eac0 flushing  nmethod 0x000001e805eb9610
Event: 52.027 Thread 0x000001e80243eac0 flushing  nmethod 0x000001e805ec0610
Event: 52.027 Thread 0x000001e80243eac0 flushing  nmethod 0x000001e805ec4710
Event: 52.027 Thread 0x000001e80243eac0 flushing  nmethod 0x000001e805eca810
Event: 52.027 Thread 0x000001e80243eac0 flushing  nmethod 0x000001e805ecbe90
Event: 52.027 Thread 0x000001e80243eac0 flushing  nmethod 0x000001e805ecc490
Event: 52.027 Thread 0x000001e80243eac0 flushing  nmethod 0x000001e805ed0610
Event: 52.027 Thread 0x000001e80243eac0 flushing  nmethod 0x000001e805ed0990
Event: 52.027 Thread 0x000001e80243eac0 flushing  nmethod 0x000001e805ed2c10
Event: 52.027 Thread 0x000001e80243eac0 flushing  nmethod 0x000001e805ed2f90
Event: 52.027 Thread 0x000001e80243eac0 flushing  nmethod 0x000001e805ee7610
Event: 52.027 Thread 0x000001e80243eac0 flushing  nmethod 0x000001e805f07e90
Event: 52.027 Thread 0x000001e80243eac0 flushing  nmethod 0x000001e805f0b690
Event: 52.027 Thread 0x000001e80243eac0 flushing  nmethod 0x000001e805f28d90

Events (20 events):
Event: 72.006 Thread 0x000001e85e7ece20 Thread exited: 0x000001e85e7ece20
Event: 72.157 Thread 0x000001e816728340 Thread added: 0x000001e85e7ece20
Event: 72.581 Thread 0x000001e85e7ece20 Thread exited: 0x000001e85e7ece20
Event: 101.273 Thread 0x000001e85de2db00 Thread added: 0x000001e85fef4e10
Event: 101.513 Thread 0x000001e85fef4e10 Thread added: 0x000001e85fef54a0
Event: 103.695 Thread 0x000001e85d6540c0 Thread added: 0x000001e85fef3a60
Event: 104.573 Thread 0x000001e85fef54a0 Thread exited: 0x000001e85fef54a0
Event: 105.201 Thread 0x000001e85fef1990 Thread added: 0x000001e85fef40f0
Event: 105.261 Thread 0x000001e85fef40f0 Thread added: 0x000001e85feef230
Event: 105.267 Thread 0x000001e85feef230 Thread added: 0x000001e85feee510
Event: 105.304 Thread 0x000001e85feee510 Thread added: 0x000001e85fef54a0
Event: 105.317 Thread 0x000001e85fef54a0 Thread added: 0x000001e85fef4780
Event: 105.417 Thread 0x000001e85fef4780 Thread added: 0x000001e85feeeba0
Event: 105.444 Thread 0x000001e85feeeba0 Thread added: 0x000001e85feeff50
Event: 105.597 Thread 0x000001e85feeeba0 Thread added: 0x000001e85fef05e0
Event: 105.660 Thread 0x000001e85feeeba0 Thread added: 0x000001e85fef1300
Event: 105.742 Thread 0x000001e85fef05e0 Thread added: 0x000001e85dfe2740
Event: 105.806 Thread 0x000001e85dfe2740 Thread added: 0x000001e85dfe1a20
Event: 105.828 Thread 0x000001e85dfe1a20 Thread added: 0x000001e85dfe3af0
Event: 106.220 Thread 0x000001e85dfe3af0 Thread added: 0x000001e85dfe2dd0


Dynamic libraries:
0x00007ff60d850000 - 0x00007ff60d85e000 	c:\Users\kwize\.cursor\extensions\redhat.java-1.41.1-win32-x64\jre\21.0.6-win32-x86_64\bin\java.exe
0x00007ffe75bf0000 - 0x00007ffe75de8000 	C:\WINDOWS\SYSTEM32\ntdll.dll
0x00007ffe73dc0000 - 0x00007ffe73e82000 	C:\WINDOWS\System32\KERNEL32.DLL
0x00007ffe736d0000 - 0x00007ffe739c6000 	C:\WINDOWS\System32\KERNELBASE.dll
0x00007ffe6c680000 - 0x00007ffe6c714000 	C:\WINDOWS\SYSTEM32\apphelp.dll
0x00007ffe73290000 - 0x00007ffe73390000 	C:\WINDOWS\System32\ucrtbase.dll
0x00007ffe4c1a0000 - 0x00007ffe4c1b8000 	c:\Users\kwize\.cursor\extensions\redhat.java-1.41.1-win32-x64\jre\21.0.6-win32-x86_64\bin\jli.dll
0x00007ffe75a10000 - 0x00007ffe75bad000 	C:\WINDOWS\System32\USER32.dll
0x00007ffe73460000 - 0x00007ffe73482000 	C:\WINDOWS\System32\win32u.dll
0x00007ffe74470000 - 0x00007ffe7449b000 	C:\WINDOWS\System32\GDI32.dll
0x00007ffe73a70000 - 0x00007ffe73b8a000 	C:\WINDOWS\System32\gdi32full.dll
0x00007ffe739d0000 - 0x00007ffe73a6d000 	C:\WINDOWS\System32\msvcp_win.dll
0x00007ffe4c0f0000 - 0x00007ffe4c10e000 	c:\Users\kwize\.cursor\extensions\redhat.java-1.41.1-win32-x64\jre\21.0.6-win32-x86_64\bin\VCRUNTIME140.dll
0x00007ffe5b490000 - 0x00007ffe5b72a000 	C:\WINDOWS\WinSxS\amd64_microsoft.windows.common-controls_6595b64144ccf1df_6.0.19041.5794_none_60bcd33171f2783c\COMCTL32.dll
0x00007ffe74980000 - 0x00007ffe74a1e000 	C:\WINDOWS\System32\msvcrt.dll
0x00007ffe74520000 - 0x00007ffe7454f000 	C:\WINDOWS\System32\IMM32.DLL
0x00007ffe6cec0000 - 0x00007ffe6cecc000 	c:\Users\kwize\.cursor\extensions\redhat.java-1.41.1-win32-x64\jre\21.0.6-win32-x86_64\bin\vcruntime140_1.dll
0x00007ffe38e20000 - 0x00007ffe38ead000 	c:\Users\kwize\.cursor\extensions\redhat.java-1.41.1-win32-x64\jre\21.0.6-win32-x86_64\bin\msvcp140.dll
0x00007ffe0c500000 - 0x00007ffe0d290000 	c:\Users\kwize\.cursor\extensions\redhat.java-1.41.1-win32-x64\jre\21.0.6-win32-x86_64\bin\server\jvm.dll
0x00007ffe742c0000 - 0x00007ffe7436f000 	C:\WINDOWS\System32\ADVAPI32.dll
0x00007ffe74370000 - 0x00007ffe7440f000 	C:\WINDOWS\System32\sechost.dll
0x00007ffe757a0000 - 0x00007ffe758c3000 	C:\WINDOWS\System32\RPCRT4.dll
0x00007ffe735f0000 - 0x00007ffe73617000 	C:\WINDOWS\System32\bcrypt.dll
0x00007ffe759a0000 - 0x00007ffe75a0b000 	C:\WINDOWS\System32\WS2_32.dll
0x00007ffe73040000 - 0x00007ffe7308b000 	C:\WINDOWS\SYSTEM32\POWRPROF.dll
0x00007ffe5a830000 - 0x00007ffe5a857000 	C:\WINDOWS\SYSTEM32\WINMM.dll
0x00007ffe60230000 - 0x00007ffe6023a000 	C:\WINDOWS\SYSTEM32\VERSION.dll
0x00007ffe73020000 - 0x00007ffe73032000 	C:\WINDOWS\SYSTEM32\UMPDC.dll
0x00007ffe71a50000 - 0x00007ffe71a62000 	C:\WINDOWS\SYSTEM32\kernel.appcore.dll
0x00007ffe519c0000 - 0x00007ffe519ca000 	c:\Users\kwize\.cursor\extensions\redhat.java-1.41.1-win32-x64\jre\21.0.6-win32-x86_64\bin\jimage.dll
0x00007ffe6de10000 - 0x00007ffe6dff4000 	C:\WINDOWS\SYSTEM32\DBGHELP.DLL
0x00007ffe53960000 - 0x00007ffe53994000 	C:\WINDOWS\SYSTEM32\dbgcore.DLL
0x00007ffe73b90000 - 0x00007ffe73c12000 	C:\WINDOWS\System32\bcryptPrimitives.dll
0x00007ffe518d0000 - 0x00007ffe518df000 	c:\Users\kwize\.cursor\extensions\redhat.java-1.41.1-win32-x64\jre\21.0.6-win32-x86_64\bin\instrument.dll
0x00007ffe39010000 - 0x00007ffe3902f000 	c:\Users\kwize\.cursor\extensions\redhat.java-1.41.1-win32-x64\jre\21.0.6-win32-x86_64\bin\java.dll
0x00007ffe74e90000 - 0x00007ffe755fe000 	C:\WINDOWS\System32\SHELL32.dll
0x00007ffe6e150000 - 0x00007ffe6e8f3000 	C:\WINDOWS\SYSTEM32\windows.storage.dll
0x00007ffe73f60000 - 0x00007ffe742b3000 	C:\WINDOWS\System32\combase.dll
0x00007ffe72b10000 - 0x00007ffe72b3b000 	C:\WINDOWS\SYSTEM32\Wldp.dll
0x00007ffe758d0000 - 0x00007ffe7599d000 	C:\WINDOWS\System32\OLEAUT32.dll
0x00007ffe73c20000 - 0x00007ffe73ccd000 	C:\WINDOWS\System32\SHCORE.dll
0x00007ffe73cd0000 - 0x00007ffe73d25000 	C:\WINDOWS\System32\shlwapi.dll
0x00007ffe731c0000 - 0x00007ffe731e5000 	C:\WINDOWS\SYSTEM32\profapi.dll
0x00007ffe3a140000 - 0x00007ffe3a158000 	c:\Users\kwize\.cursor\extensions\redhat.java-1.41.1-win32-x64\jre\21.0.6-win32-x86_64\bin\zip.dll
0x00007ffe51030000 - 0x00007ffe51040000 	C:\Users\kwize\.cursor\extensions\redhat.java-1.41.1-win32-x64\jre\21.0.6-win32-x86_64\bin\net.dll
0x00007ffe5feb0000 - 0x00007ffe5ffba000 	C:\WINDOWS\SYSTEM32\WINHTTP.dll
0x00007ffe728f0000 - 0x00007ffe7295c000 	C:\WINDOWS\system32\mswsock.dll
0x00007ffe38e00000 - 0x00007ffe38e16000 	C:\Users\kwize\.cursor\extensions\redhat.java-1.41.1-win32-x64\jre\21.0.6-win32-x86_64\bin\nio.dll
0x00007ffe4c440000 - 0x00007ffe4c450000 	c:\Users\kwize\.cursor\extensions\redhat.java-1.41.1-win32-x64\jre\21.0.6-win32-x86_64\bin\verify.dll
0x00007ffe32fd0000 - 0x00007ffe33015000 	C:\Users\kwize\AppData\Roaming\Cursor\User\globalStorage\redhat.java\1.41.1\config_win\org.eclipse.equinox.launcher\org.eclipse.equinox.launcher.win32.win32.x86_64_1.2.1300.v20250331-1702\eclipse_11911.dll
0x00007ffe75600000 - 0x00007ffe7572b000 	C:\WINDOWS\System32\ole32.dll
0x00007ffe59e70000 - 0x00007ffe59e7a000 	C:\Users\kwize\.cursor\extensions\redhat.java-1.41.1-win32-x64\jre\21.0.6-win32-x86_64\bin\management.dll
0x00007ffe597c0000 - 0x00007ffe597cb000 	C:\Users\kwize\.cursor\extensions\redhat.java-1.41.1-win32-x64\jre\21.0.6-win32-x86_64\bin\management_ext.dll
0x00007ffe75730000 - 0x00007ffe75738000 	C:\WINDOWS\System32\PSAPI.DLL
0x00007ffe72b50000 - 0x00007ffe72b68000 	C:\WINDOWS\SYSTEM32\CRYPTSP.dll
0x00007ffe72230000 - 0x00007ffe72268000 	C:\WINDOWS\system32\rsaenh.dll
0x00007ffe73140000 - 0x00007ffe7316e000 	C:\WINDOWS\SYSTEM32\USERENV.dll
0x00007ffe72a80000 - 0x00007ffe72a8c000 	C:\WINDOWS\SYSTEM32\CRYPTBASE.dll
0x00007ffe725f0000 - 0x00007ffe7262b000 	C:\WINDOWS\SYSTEM32\IPHLPAPI.DLL
0x00007ffe74970000 - 0x00007ffe74978000 	C:\WINDOWS\System32\NSI.dll
0x00007ffe32f30000 - 0x00007ffe32f79000 	C:\Users\kwize\AppData\Local\Temp\jna-102466664\jna12887772414610654191.dll
0x00007ffe66280000 - 0x00007ffe66297000 	C:\WINDOWS\SYSTEM32\dhcpcsvc6.DLL
0x00007ffe661c0000 - 0x00007ffe661dd000 	C:\WINDOWS\SYSTEM32\dhcpcsvc.DLL
0x00007ffe5d360000 - 0x00007ffe5d36e000 	C:\Users\kwize\.cursor\extensions\redhat.java-1.41.1-win32-x64\jre\21.0.6-win32-x86_64\bin\sunmscapi.dll
0x00007ffe73490000 - 0x00007ffe735ed000 	C:\WINDOWS\System32\CRYPT32.dll
0x00007ffe72cc0000 - 0x00007ffe72ce7000 	C:\WINDOWS\SYSTEM32\ncrypt.dll
0x00007ffe72c80000 - 0x00007ffe72cbb000 	C:\WINDOWS\SYSTEM32\NTASN1.dll
0x00007ffe72630000 - 0x00007ffe726fa000 	C:\WINDOWS\SYSTEM32\DNSAPI.dll
0x00007ffe67590000 - 0x00007ffe6759a000 	C:\Windows\System32\rasadhlp.dll
0x00007ffe5c940000 - 0x00007ffe5c9c0000 	C:\WINDOWS\System32\fwpuclnt.dll
0x00007ffe5d110000 - 0x00007ffe5d119000 	C:\Users\kwize\.cursor\extensions\redhat.java-1.41.1-win32-x64\jre\21.0.6-win32-x86_64\bin\extnet.dll

dbghelp: loaded successfully - version: 4.0.5 - missing functions: none
symbol engine: initialized successfully - sym options: 0x614 - pdb path: .;c:\Users\kwize\.cursor\extensions\redhat.java-1.41.1-win32-x64\jre\21.0.6-win32-x86_64\bin;C:\WINDOWS\SYSTEM32;C:\WINDOWS\WinSxS\amd64_microsoft.windows.common-controls_6595b64144ccf1df_6.0.19041.5794_none_60bcd33171f2783c;c:\Users\kwize\.cursor\extensions\redhat.java-1.41.1-win32-x64\jre\21.0.6-win32-x86_64\bin\server;C:\Users\kwize\AppData\Roaming\Cursor\User\globalStorage\redhat.java\1.41.1\config_win\org.eclipse.equinox.launcher\org.eclipse.equinox.launcher.win32.win32.x86_64_1.2.1300.v20250331-1702;C:\Users\kwize\AppData\Local\Temp\jna-102466664

VM Arguments:
jvm_args: --add-modules=ALL-SYSTEM --add-opens=java.base/java.util=ALL-UNNAMED --add-opens=java.base/java.lang=ALL-UNNAMED --add-opens=java.base/sun.nio.fs=ALL-UNNAMED -Declipse.application=org.eclipse.jdt.ls.core.id1 -Dosgi.bundles.defaultStartLevel=4 -Declipse.product=org.eclipse.jdt.ls.core.product -Djava.import.generatesMetadataFilesAtProjectRoot=false -DDetectVMInstallationsJob.disabled=true -Dfile.encoding=utf8 -XX:+UseParallelGC -XX:GCTimeRatio=4 -XX:AdaptiveSizePolicyWeight=90 -Dsun.zip.disableMemoryMapping=true -Xmx1G -Xms100m -Xlog:disable -javaagent:c:\Users\kwize\.cursor\extensions\redhat.java-1.41.1-win32-x64\lombok\lombok-1.18.36.jar -XX:+HeapDumpOnOutOfMemoryError -XX:HeapDumpPath=c:\Users\kwize\AppData\Roaming\Cursor\User\workspaceStorage\64d257547f8c538efd80f571eff4fed1\redhat.java -Daether.dependencyCollector.impl=bf 
java_command: c:\Users\kwize\.cursor\extensions\redhat.java-1.41.1-win32-x64\server\plugins\org.eclipse.equinox.launcher_1.7.0.v20250331-1702.jar -configuration c:\Users\kwize\AppData\Roaming\Cursor\User\globalStorage\redhat.java\1.41.1\config_win -data c:\Users\kwize\AppData\Roaming\Cursor\User\workspaceStorage\64d257547f8c538efd80f571eff4fed1\redhat.java\jdt_ws --pipe=\\.\pipe\lsp-f7889524dc0094468e4fbdff17db4845-sock
java_class_path (initial): c:\Users\kwize\.cursor\extensions\redhat.java-1.41.1-win32-x64\server\plugins\org.eclipse.equinox.launcher_1.7.0.v20250331-1702.jar
Launcher Type: SUN_STANDARD

[Global flags]
    uintx AdaptiveSizePolicyWeight                 = 90                                        {product} {command line}
     intx CICompilerCount                          = 3                                         {product} {ergonomic}
    uintx GCTimeRatio                              = 4                                         {product} {command line}
     bool HeapDumpOnOutOfMemoryError               = true                                   {manageable} {command line}
    ccstr HeapDumpPath                             = c:\Users\kwize\AppData\Roaming\Cursor\User\workspaceStorage\64d257547f8c538efd80f571eff4fed1\redhat.java         {manageable} {command line}
   size_t InitialHeapSize                          = 104857600                                 {product} {command line}
   size_t MaxHeapSize                              = 1073741824                                {product} {command line}
   size_t MaxNewSize                               = 357564416                                 {product} {ergonomic}
   size_t MinHeapDeltaBytes                        = 524288                                    {product} {ergonomic}
   size_t MinHeapSize                              = 104857600                                 {product} {command line}
   size_t NewSize                                  = 34603008                                  {product} {ergonomic}
    uintx NonNMethodCodeHeapSize                   = 5832780                                {pd product} {ergonomic}
    uintx NonProfiledCodeHeapSize                  = 122912730                              {pd product} {ergonomic}
   size_t OldSize                                  = 70254592                                  {product} {ergonomic}
    uintx ProfiledCodeHeapSize                     = 122912730                              {pd product} {ergonomic}
    uintx ReservedCodeCacheSize                    = 251658240                              {pd product} {ergonomic}
     bool SegmentedCodeCache                       = true                                      {product} {ergonomic}
   size_t SoftMaxHeapSize                          = 1073741824                             {manageable} {ergonomic}
     bool UseCompressedOops                        = true                           {product lp64_product} {ergonomic}
     bool UseLargePagesIndividualAllocation        = false                                  {pd product} {ergonomic}
     bool UseParallelGC                            = true                                      {product} {command line}

Logging:
Log output configuration:
 #0: stdout all=off uptime,level,tags foldmultilines=false
 #1: stderr all=off uptime,level,tags foldmultilines=false

Environment Variables:
PATH=c:\Users\kwize\AppData\Local\Programs\cursor\resources\app\bin;C:\Program Files\Common Files\Oracle\Java\javapath;C:\oraclexe\app\oracle\product\10.2.0\server\bin;C:\WINDOWS\system32;C:\WINDOWS;C:\WINDOWS\System32\Wbem;C:\WINDOWS\System32\WindowsPowerShell\v1.0\;C:\WINDOWS\System32\OpenSSH\;C:\ProgramData\chocolatey\bin;C:\Program Files\dotnet\;C:\Program Files\Git\cmd;C:\Users\kwize\AppData\Local\Microsoft\WindowsApps;C:\Program Files\JetBrains\IntelliJ IDEA 2024.3.1\bin;;c:\Users\kwize\AppData\Local\Programs\cursor\resources\app\bin;C:\Program Files\nodejs\;C:\Program Files\Docker\Docker\resources\bin;C:\Users\kwize\AppData\Local\Microsoft\WindowsApps;C:\Users\kwize\AppData\Local\Programs\Microsoft VS Code\bin;C:\Program Files\JetBrains\IntelliJ IDEA 2024.3.1\bin;;C:\Users\kwize\AppData\Local\Programs\cursor\resources\app\bin;C:\Users\kwize\AppData\Roaming\npm;C:\Users\kwize\AppData\Local\Programs\Windsurf\bin
USERNAME=kwize
OS=Windows_NT
PROCESSOR_IDENTIFIER=Intel64 Family 6 Model 78 Stepping 3, GenuineIntel
TMP=C:\Users\kwize\AppData\Local\Temp
TEMP=C:\Users\kwize\AppData\Local\Temp




Periodic native trim disabled

---------------  S Y S T E M  ---------------

OS:
 Windows 10 , 64 bit Build 19041 (10.0.19041.5794)
OS uptime: 0 days 4:33 hours
Hyper-V role detected

CPU: total 4 (initial active 4) (2 cores per cpu, 2 threads per core) family 6 model 78 stepping 3 microcode 0xea, cx8, cmov, fxsr, ht, mmx, 3dnowpref, sse, sse2, sse3, ssse3, sse4.1, sse4.2, popcnt, lzcnt, tsc, tscinvbit, avx, avx2, aes, erms, clmul, bmi1, bmi2, rtm, adx, fma, vzeroupper, clflush, clflushopt, hv, rdtscp, f16c
Processor Information for the first 4 processors :
  Max Mhz: 2496, Current Mhz: 2396, Mhz Limit: 2396

Memory: 4k page, system-wide physical 8071M (284M free)
TotalPageFile size 12071M (AvailPageFile size 4M)
current process WorkingSet (physical memory assigned to process): 708M, peak: 750M
current process commit charge ("private bytes"): 805M, peak: 807M

vm_info: OpenJDK 64-Bit Server VM (21.0.6+7-LTS) for windows-amd64 JRE (21.0.6+7-LTS), built on 2025-01-21T00:00:00Z by "admin" with MS VC++ 17.7 (VS2022)

END.
